This is pdfTeX, Version 3.14159265-2.6-1.40.20 (TeX Live 2019/Debian) (preloaded format=pdflatex 2020.12.28)  10 NOV 2021 12:23
entering extended mode
 restricted \write18 enabled.
 %&-line parsing enabled.
**modelos_estadisticos.tex
(./modelos_estadisticos.tex
LaTeX2e <2020-02-02> patch level 2
L3 programming layer <2020-02-14> (/usr/share/texlive/texmf-dist/tex/latex/beam
er/beamer.cls
Document Class: beamer 2019/09/29 v3.57 A class for typesetting presentations
(/usr/share/texlive/texmf-dist/tex/latex/beamer/beamerbasemodes.sty (/usr/share
/texlive/texmf-dist/tex/latex/etoolbox/etoolbox.sty
Package: etoolbox 2019/09/21 v2.5h e-TeX tools for LaTeX (JAW)
\etb@tempcnta=\count167
)
\beamer@tempbox=\box45
\beamer@tempcount=\count168
\c@beamerpauses=\count169
(/usr/share/texlive/texmf-dist/tex/latex/beamer/beamerbasedecode.sty
\beamer@slideinframe=\count170
\beamer@minimum=\count171
\beamer@decode@box=\box46
)
\beamer@commentbox=\box47
\beamer@modecount=\count172
) (/usr/share/texlive/texmf-dist/tex/generic/iftex/ifpdf.sty
Package: ifpdf 2019/10/25 v3.4 ifpdf legacy package. Use iftex instead.
(/usr/share/texlive/texmf-dist/tex/generic/iftex/iftex.sty
Package: iftex 2019/11/07 v1.0c TeX engine tests
))
\headdp=\dimen134
\footheight=\dimen135
\sidebarheight=\dimen136
\beamer@tempdim=\dimen137
\beamer@finalheight=\dimen138
\beamer@animht=\dimen139
\beamer@animdp=\dimen140
\beamer@animwd=\dimen141
\beamer@leftmargin=\dimen142
\beamer@rightmargin=\dimen143
\beamer@leftsidebar=\dimen144
\beamer@rightsidebar=\dimen145
\beamer@boxsize=\dimen146
\beamer@vboxoffset=\dimen147
\beamer@descdefault=\dimen148
\beamer@descriptionwidth=\dimen149
\beamer@lastskip=\skip47
\beamer@areabox=\box48
\beamer@animcurrent=\box49
\beamer@animshowbox=\box50
\beamer@sectionbox=\box51
\beamer@logobox=\box52
\beamer@linebox=\box53
\beamer@sectioncount=\count173
\beamer@subsubsectionmax=\count174
\beamer@subsectionmax=\count175
\beamer@sectionmax=\count176
\beamer@totalheads=\count177
\beamer@headcounter=\count178
\beamer@partstartpage=\count179
\beamer@sectionstartpage=\count180
\beamer@subsectionstartpage=\count181
\beamer@animationtempa=\count182
\beamer@animationtempb=\count183
\beamer@xpos=\count184
\beamer@ypos=\count185
\beamer@ypos@offset=\count186
\beamer@showpartnumber=\count187
\beamer@currentsubsection=\count188
\beamer@coveringdepth=\count189
\beamer@sectionadjust=\count190
\beamer@tocsectionnumber=\count191
(/usr/share/texlive/texmf-dist/tex/latex/beamer/beamerbaseoptions.sty (/usr/sha
re/texlive/texmf-dist/tex/latex/graphics/keyval.sty
Package: keyval 2014/10/28 v1.15 key=value parser (DPC)
\KV@toks@=\toks14
))
\beamer@paperwidth=\skip48
\beamer@paperheight=\skip49
(/usr/share/texlive/texmf-dist/tex/latex/geometry/geometry.sty
Package: geometry 2020/01/02 v5.9 Page Geometry
(/usr/share/texlive/texmf-dist/tex/generic/iftex/ifvtex.sty
Package: ifvtex 2019/10/25 v1.7 ifvtex legacy package. Use iftex instead.
)
\Gm@cnth=\count192
\Gm@cntv=\count193
\c@Gm@tempcnt=\count194
\Gm@bindingoffset=\dimen150
\Gm@wd@mp=\dimen151
\Gm@odd@mp=\dimen152
\Gm@even@mp=\dimen153
\Gm@layoutwidth=\dimen154
\Gm@layoutheight=\dimen155
\Gm@layouthoffset=\dimen156
\Gm@layoutvoffset=\dimen157
\Gm@dimlist=\toks15
) (/usr/share/texlive/texmf-dist/tex/latex/base/size10.clo
File: size10.clo 2019/12/20 v1.4l Standard LaTeX file (size option)
) (/usr/share/texlive/texmf-dist/tex/latex/pgf/basiclayer/pgfcore.sty (/usr/sha
re/texlive/texmf-dist/tex/latex/graphics/graphicx.sty
Package: graphicx 2019/11/30 v1.2a Enhanced LaTeX Graphics (DPC,SPQR)
(/usr/share/texlive/texmf-dist/tex/latex/graphics/graphics.sty
Package: graphics 2019/11/30 v1.4a Standard LaTeX Graphics (DPC,SPQR)
(/usr/share/texlive/texmf-dist/tex/latex/graphics/trig.sty
Package: trig 2016/01/03 v1.10 sin cos tan (DPC)
) (/usr/share/texlive/texmf-dist/tex/latex/graphics-cfg/graphics.cfg
File: graphics.cfg 2016/06/04 v1.11 sample graphics configuration
)
Package graphics Info: Driver file: pdftex.def on input line 105.
(/usr/share/texlive/texmf-dist/tex/latex/graphics-def/pdftex.def
File: pdftex.def 2018/01/08 v1.0l Graphics/color driver for pdftex
))
\Gin@req@height=\dimen158
\Gin@req@width=\dimen159
) (/usr/share/texlive/texmf-dist/tex/latex/pgf/systemlayer/pgfsys.sty (/usr/sha
re/texlive/texmf-dist/tex/latex/pgf/utilities/pgfrcs.sty (/usr/share/texlive/te
xmf-dist/tex/generic/pgf/utilities/pgfutil-common.tex
\pgfutil@everybye=\toks16
\pgfutil@tempdima=\dimen160
\pgfutil@tempdimb=\dimen161

(/usr/share/texlive/texmf-dist/tex/generic/pgf/utilities/pgfutil-common-lists.t
ex)) (/usr/share/texlive/texmf-dist/tex/generic/pgf/utilities/pgfutil-latex.def
\pgfutil@abb=\box54
(/usr/share/texlive/texmf-dist/tex/latex/ms/everyshi.sty
Package: everyshi 2001/05/15 v3.00 EveryShipout Package (MS)
)) (/usr/share/texlive/texmf-dist/tex/generic/pgf/utilities/pgfrcs.code.tex (/u
sr/share/texlive/texmf-dist/tex/generic/pgf/pgf.revision.tex)
Package: pgfrcs 2020/01/08 v3.1.5b (3.1.5b)
)) (/usr/share/texlive/texmf-dist/tex/generic/pgf/systemlayer/pgfsys.code.tex
Package: pgfsys 2020/01/08 v3.1.5b (3.1.5b)
(/usr/share/texlive/texmf-dist/tex/generic/pgf/utilities/pgfkeys.code.tex
\pgfkeys@pathtoks=\toks17
\pgfkeys@temptoks=\toks18

(/usr/share/texlive/texmf-dist/tex/generic/pgf/utilities/pgfkeysfiltered.code.t
ex
\pgfkeys@tmptoks=\toks19
))
\pgf@x=\dimen162
\pgf@y=\dimen163
\pgf@xa=\dimen164
\pgf@ya=\dimen165
\pgf@xb=\dimen166
\pgf@yb=\dimen167
\pgf@xc=\dimen168
\pgf@yc=\dimen169
\pgf@xd=\dimen170
\pgf@yd=\dimen171
\w@pgf@writea=\write3
\r@pgf@reada=\read2
\c@pgf@counta=\count195
\c@pgf@countb=\count196
\c@pgf@countc=\count197
\c@pgf@countd=\count198
\t@pgf@toka=\toks20
\t@pgf@tokb=\toks21
\t@pgf@tokc=\toks22
\pgf@sys@id@count=\count199
(/usr/share/texlive/texmf-dist/tex/generic/pgf/systemlayer/pgf.cfg
File: pgf.cfg 2020/01/08 v3.1.5b (3.1.5b)
)
Driver file for pgf: pgfsys-pdftex.def
(/usr/share/texlive/texmf-dist/tex/generic/pgf/systemlayer/pgfsys-pdftex.def
File: pgfsys-pdftex.def 2020/01/08 v3.1.5b (3.1.5b)

(/usr/share/texlive/texmf-dist/tex/generic/pgf/systemlayer/pgfsys-common-pdf.de
f
File: pgfsys-common-pdf.def 2020/01/08 v3.1.5b (3.1.5b)
)))
(/usr/share/texlive/texmf-dist/tex/generic/pgf/systemlayer/pgfsyssoftpath.code.
tex
File: pgfsyssoftpath.code.tex 2020/01/08 v3.1.5b (3.1.5b)
\pgfsyssoftpath@smallbuffer@items=\count266
\pgfsyssoftpath@bigbuffer@items=\count267
)
(/usr/share/texlive/texmf-dist/tex/generic/pgf/systemlayer/pgfsysprotocol.code.
tex
File: pgfsysprotocol.code.tex 2020/01/08 v3.1.5b (3.1.5b)
)) (/usr/share/texlive/texmf-dist/tex/latex/xcolor/xcolor.sty
Package: xcolor 2016/05/11 v2.12 LaTeX color extensions (UK)
(/usr/share/texlive/texmf-dist/tex/latex/graphics-cfg/color.cfg
File: color.cfg 2016/01/02 v1.6 sample color configuration
)
Package xcolor Info: Driver file: pdftex.def on input line 225.
Package xcolor Info: Model `cmy' substituted by `cmy0' on input line 1348.
Package xcolor Info: Model `hsb' substituted by `rgb' on input line 1352.
Package xcolor Info: Model `RGB' extended on input line 1364.
Package xcolor Info: Model `HTML' substituted by `rgb' on input line 1366.
Package xcolor Info: Model `Hsb' substituted by `hsb' on input line 1367.
Package xcolor Info: Model `tHsb' substituted by `hsb' on input line 1368.
Package xcolor Info: Model `HSB' substituted by `hsb' on input line 1369.
Package xcolor Info: Model `Gray' substituted by `gray' on input line 1370.
Package xcolor Info: Model `wave' substituted by `hsb' on input line 1371.
) (/usr/share/texlive/texmf-dist/tex/generic/pgf/basiclayer/pgfcore.code.tex
Package: pgfcore 2020/01/08 v3.1.5b (3.1.5b)
(/usr/share/texlive/texmf-dist/tex/generic/pgf/math/pgfmath.code.tex (/usr/shar
e/texlive/texmf-dist/tex/generic/pgf/math/pgfmathcalc.code.tex (/usr/share/texl
ive/texmf-dist/tex/generic/pgf/math/pgfmathutil.code.tex) (/usr/share/texlive/t
exmf-dist/tex/generic/pgf/math/pgfmathparser.code.tex
\pgfmath@dimen=\dimen172
\pgfmath@count=\count268
\pgfmath@box=\box55
\pgfmath@toks=\toks23
\pgfmath@stack@operand=\toks24
\pgfmath@stack@operation=\toks25
) (/usr/share/texlive/texmf-dist/tex/generic/pgf/math/pgfmathfunctions.code.tex

(/usr/share/texlive/texmf-dist/tex/generic/pgf/math/pgfmathfunctions.basic.code
.tex)
(/usr/share/texlive/texmf-dist/tex/generic/pgf/math/pgfmathfunctions.trigonomet
ric.code.tex)
(/usr/share/texlive/texmf-dist/tex/generic/pgf/math/pgfmathfunctions.random.cod
e.tex)
(/usr/share/texlive/texmf-dist/tex/generic/pgf/math/pgfmathfunctions.comparison
.code.tex)
(/usr/share/texlive/texmf-dist/tex/generic/pgf/math/pgfmathfunctions.base.code.
tex)
(/usr/share/texlive/texmf-dist/tex/generic/pgf/math/pgfmathfunctions.round.code
.tex)
(/usr/share/texlive/texmf-dist/tex/generic/pgf/math/pgfmathfunctions.misc.code.
tex)
(/usr/share/texlive/texmf-dist/tex/generic/pgf/math/pgfmathfunctions.integerari
thmetics.code.tex))) (/usr/share/texlive/texmf-dist/tex/generic/pgf/math/pgfmat
hfloat.code.tex
\c@pgfmathroundto@lastzeros=\count269
)) (/usr/share/texlive/texmf-dist/tex/generic/pgf/math/pgfint.code.tex)
(/usr/share/texlive/texmf-dist/tex/generic/pgf/basiclayer/pgfcorepoints.code.te
x
File: pgfcorepoints.code.tex 2020/01/08 v3.1.5b (3.1.5b)
\pgf@picminx=\dimen173
\pgf@picmaxx=\dimen174
\pgf@picminy=\dimen175
\pgf@picmaxy=\dimen176
\pgf@pathminx=\dimen177
\pgf@pathmaxx=\dimen178
\pgf@pathminy=\dimen179
\pgf@pathmaxy=\dimen180
\pgf@xx=\dimen181
\pgf@xy=\dimen182
\pgf@yx=\dimen183
\pgf@yy=\dimen184
\pgf@zx=\dimen185
\pgf@zy=\dimen186
)
(/usr/share/texlive/texmf-dist/tex/generic/pgf/basiclayer/pgfcorepathconstruct.
code.tex
File: pgfcorepathconstruct.code.tex 2020/01/08 v3.1.5b (3.1.5b)
\pgf@path@lastx=\dimen187
\pgf@path@lasty=\dimen188
)
(/usr/share/texlive/texmf-dist/tex/generic/pgf/basiclayer/pgfcorepathusage.code
.tex
File: pgfcorepathusage.code.tex 2020/01/08 v3.1.5b (3.1.5b)
\pgf@shorten@end@additional=\dimen189
\pgf@shorten@start@additional=\dimen190
)
(/usr/share/texlive/texmf-dist/tex/generic/pgf/basiclayer/pgfcorescopes.code.te
x
File: pgfcorescopes.code.tex 2020/01/08 v3.1.5b (3.1.5b)
\pgfpic=\box56
\pgf@hbox=\box57
\pgf@layerbox@main=\box58
\pgf@picture@serial@count=\count270
)
(/usr/share/texlive/texmf-dist/tex/generic/pgf/basiclayer/pgfcoregraphicstate.c
ode.tex
File: pgfcoregraphicstate.code.tex 2020/01/08 v3.1.5b (3.1.5b)
\pgflinewidth=\dimen191
)
(/usr/share/texlive/texmf-dist/tex/generic/pgf/basiclayer/pgfcoretransformation
s.code.tex
File: pgfcoretransformations.code.tex 2020/01/08 v3.1.5b (3.1.5b)
\pgf@pt@x=\dimen192
\pgf@pt@y=\dimen193
\pgf@pt@temp=\dimen194
)
(/usr/share/texlive/texmf-dist/tex/generic/pgf/basiclayer/pgfcorequick.code.tex
File: pgfcorequick.code.tex 2020/01/08 v3.1.5b (3.1.5b)
)
(/usr/share/texlive/texmf-dist/tex/generic/pgf/basiclayer/pgfcoreobjects.code.t
ex
File: pgfcoreobjects.code.tex 2020/01/08 v3.1.5b (3.1.5b)
)
(/usr/share/texlive/texmf-dist/tex/generic/pgf/basiclayer/pgfcorepathprocessing
.code.tex
File: pgfcorepathprocessing.code.tex 2020/01/08 v3.1.5b (3.1.5b)
)
(/usr/share/texlive/texmf-dist/tex/generic/pgf/basiclayer/pgfcorearrows.code.te
x
File: pgfcorearrows.code.tex 2020/01/08 v3.1.5b (3.1.5b)
\pgfarrowsep=\dimen195
)
(/usr/share/texlive/texmf-dist/tex/generic/pgf/basiclayer/pgfcoreshade.code.tex
File: pgfcoreshade.code.tex 2020/01/08 v3.1.5b (3.1.5b)
\pgf@max=\dimen196
\pgf@sys@shading@range@num=\count271
\pgf@shadingcount=\count272
)
(/usr/share/texlive/texmf-dist/tex/generic/pgf/basiclayer/pgfcoreimage.code.tex
File: pgfcoreimage.code.tex 2020/01/08 v3.1.5b (3.1.5b)

(/usr/share/texlive/texmf-dist/tex/generic/pgf/basiclayer/pgfcoreexternal.code.
tex
File: pgfcoreexternal.code.tex 2020/01/08 v3.1.5b (3.1.5b)
\pgfexternal@startupbox=\box59
))
(/usr/share/texlive/texmf-dist/tex/generic/pgf/basiclayer/pgfcorelayers.code.te
x
File: pgfcorelayers.code.tex 2020/01/08 v3.1.5b (3.1.5b)
)
(/usr/share/texlive/texmf-dist/tex/generic/pgf/basiclayer/pgfcoretransparency.c
ode.tex
File: pgfcoretransparency.code.tex 2020/01/08 v3.1.5b (3.1.5b)
)
(/usr/share/texlive/texmf-dist/tex/generic/pgf/basiclayer/pgfcorepatterns.code.
tex
File: pgfcorepatterns.code.tex 2020/01/08 v3.1.5b (3.1.5b)
) (/usr/share/texlive/texmf-dist/tex/generic/pgf/basiclayer/pgfcorerdf.code.tex
File: pgfcorerdf.code.tex 2020/01/08 v3.1.5b (3.1.5b)
))) (/usr/share/texlive/texmf-dist/tex/latex/pgf/utilities/xxcolor.sty
Package: xxcolor 2003/10/24 ver 0.1
\XC@nummixins=\count273
\XC@countmixins=\count274
) (/usr/share/texlive/texmf-dist/tex/generic/atbegshi/atbegshi.sty
Package: atbegshi 2019/12/05 v1.19 At begin shipout hook (HO)
(/usr/share/texlive/texmf-dist/tex/generic/infwarerr/infwarerr.sty
Package: infwarerr 2019/12/03 v1.5 Providing info/warning/error messages (HO)
) (/usr/share/texlive/texmf-dist/tex/generic/ltxcmds/ltxcmds.sty
Package: ltxcmds 2019/12/15 v1.24 LaTeX kernel commands for general use (HO)
)) (/usr/share/texlive/texmf-dist/tex/latex/hyperref/hyperref.sty
Package: hyperref 2020/01/14 v7.00d Hypertext links for LaTeX
(/usr/share/texlive/texmf-dist/tex/latex/pdftexcmds/pdftexcmds.sty
Package: pdftexcmds 2019/11/24 v0.31 Utility functions of pdfTeX for LuaTeX (HO
)
Package pdftexcmds Info: \pdf@primitive is available.
Package pdftexcmds Info: \pdf@ifprimitive is available.
Package pdftexcmds Info: \pdfdraftmode found.
) (/usr/share/texlive/texmf-dist/tex/generic/kvsetkeys/kvsetkeys.sty
Package: kvsetkeys 2019/12/15 v1.18 Key value parser (HO)
) (/usr/share/texlive/texmf-dist/tex/generic/kvdefinekeys/kvdefinekeys.sty
Package: kvdefinekeys 2019-12-19 v1.6 Define keys (HO)
) (/usr/share/texlive/texmf-dist/tex/generic/pdfescape/pdfescape.sty
Package: pdfescape 2019/12/09 v1.15 Implements pdfTeX's escape features (HO)
) (/usr/share/texlive/texmf-dist/tex/latex/hycolor/hycolor.sty
Package: hycolor 2020-01-27 v1.10 Color options for hyperref/bookmark (HO)
) (/usr/share/texlive/texmf-dist/tex/latex/letltxmacro/letltxmacro.sty
Package: letltxmacro 2019/12/03 v1.6 Let assignment for LaTeX macros (HO)
) (/usr/share/texlive/texmf-dist/tex/latex/auxhook/auxhook.sty
Package: auxhook 2019-12-17 v1.6 Hooks for auxiliary files (HO)
) (/usr/share/texlive/texmf-dist/tex/latex/kvoptions/kvoptions.sty
Package: kvoptions 2019/11/29 v3.13 Key value format for package options (HO)
)
\@linkdim=\dimen197
\Hy@linkcounter=\count275
\Hy@pagecounter=\count276
(/usr/share/texlive/texmf-dist/tex/latex/hyperref/pd1enc.def
File: pd1enc.def 2020/01/14 v7.00d Hyperref: PDFDocEncoding definition (HO)
Now handling font encoding PD1 ...
... no UTF-8 mapping file for font encoding PD1
) (/usr/share/texlive/texmf-dist/tex/generic/intcalc/intcalc.sty
Package: intcalc 2019/12/15 v1.3 Expandable calculations with integers (HO)
) (/usr/share/texlive/texmf-dist/tex/generic/etexcmds/etexcmds.sty
Package: etexcmds 2019/12/15 v1.7 Avoid name clashes with e-TeX commands (HO)
)
\Hy@SavedSpaceFactor=\count277
\pdfmajorversion=\count278
Package hyperref Info: Option `unicode' set `true' on input line 4421.
(/usr/share/texlive/texmf-dist/tex/latex/hyperref/puenc.def
File: puenc.def 2020/01/14 v7.00d Hyperref: PDF Unicode definition (HO)
Now handling font encoding PU ...
... no UTF-8 mapping file for font encoding PU
)
Package hyperref Info: Option `bookmarks' set `true' on input line 4421.
Package hyperref Info: Option `bookmarksopen' set `true' on input line 4421.
Package hyperref Info: Option `implicit' set `false' on input line 4421.
Package hyperref Info: Hyper figures OFF on input line 4547.
Package hyperref Info: Link nesting OFF on input line 4552.
Package hyperref Info: Hyper index ON on input line 4555.
Package hyperref Info: Plain pages OFF on input line 4562.
Package hyperref Info: Backreferencing OFF on input line 4567.
Package hyperref Info: Implicit mode OFF; no redefinition of LaTeX internals.
Package hyperref Info: Bookmarks ON on input line 4800.
\c@Hy@tempcnt=\count279
(/usr/share/texlive/texmf-dist/tex/latex/url/url.sty
\Urlmuskip=\muskip16
Package: url 2013/09/16  ver 3.4  Verb mode for urls, etc.
)
LaTeX Info: Redefining \url on input line 5159.
\XeTeXLinkMargin=\dimen198
(/usr/share/texlive/texmf-dist/tex/generic/bitset/bitset.sty
Package: bitset 2019/12/09 v1.3 Handle bit-vector datatype (HO)
(/usr/share/texlive/texmf-dist/tex/generic/bigintcalc/bigintcalc.sty
Package: bigintcalc 2019/12/15 v1.5 Expandable calculations on big integers (HO
)
))
\Fld@menulength=\count280
\Field@Width=\dimen199
\Fld@charsize=\dimen256
Package hyperref Info: Hyper figures OFF on input line 6430.
Package hyperref Info: Link nesting OFF on input line 6435.
Package hyperref Info: Hyper index ON on input line 6438.
Package hyperref Info: backreferencing OFF on input line 6445.
Package hyperref Info: Link coloring OFF on input line 6450.
Package hyperref Info: Link coloring with OCG OFF on input line 6455.
Package hyperref Info: PDF/A mode OFF on input line 6460.
LaTeX Info: Redefining \ref on input line 6500.
LaTeX Info: Redefining \pageref on input line 6504.
\Hy@abspage=\count281

Package hyperref Message: Stopped early.

)
Package hyperref Info: Driver (autodetected): hpdftex.
(/usr/share/texlive/texmf-dist/tex/latex/hyperref/hpdftex.def
File: hpdftex.def 2020/01/14 v7.00d Hyperref driver for pdfTeX
(/usr/share/texlive/texmf-dist/tex/latex/atveryend/atveryend.sty
Package: atveryend 2019-12-11 v1.11 Hooks at the very end of document (HO)
)
\Fld@listcount=\count282
\c@bookmark@seq@number=\count283
(/usr/share/texlive/texmf-dist/tex/latex/rerunfilecheck/rerunfilecheck.sty
Package: rerunfilecheck 2019/12/05 v1.9 Rerun checks for auxiliary files (HO)
(/usr/share/texlive/texmf-dist/tex/generic/uniquecounter/uniquecounter.sty
Package: uniquecounter 2019/12/15 v1.4 Provide unlimited unique counter (HO)
)
Package uniquecounter Info: New unique counter `rerunfilecheck' on input line 2
86.
)) (/usr/share/texlive/texmf-dist/tex/latex/beamer/beamerbaserequires.sty (/usr
/share/texlive/texmf-dist/tex/latex/beamer/beamerbasecompatibility.sty) (/usr/s
hare/texlive/texmf-dist/tex/latex/beamer/beamerbasefont.sty (/usr/share/texlive
/texmf-dist/tex/latex/amsfonts/amssymb.sty
Package: amssymb 2013/01/14 v3.01 AMS font symbols
(/usr/share/texlive/texmf-dist/tex/latex/amsfonts/amsfonts.sty
Package: amsfonts 2013/01/14 v3.01 Basic AMSFonts support
\@emptytoks=\toks26
\symAMSa=\mathgroup4
\symAMSb=\mathgroup5
LaTeX Font Info:    Redeclaring math symbol \hbar on input line 98.
LaTeX Font Info:    Overwriting math alphabet `\mathfrak' in version `bold'
(Font)                  U/euf/m/n --> U/euf/b/n on input line 106.
)) (/usr/share/texlive/texmf-dist/tex/latex/sansmathaccent/sansmathaccent.sty
Package: sansmathaccent 2020/01/31
(/usr/share/texlive/texmf-dist/tex/latex/koma-script/scrlfile.sty
Package: scrlfile 2020/01/24 v3.29 KOMA-Script package (loading files)
))) (/usr/share/texlive/texmf-dist/tex/latex/beamer/beamerbasetranslator.sty (/
usr/share/texlive/texmf-dist/tex/latex/translator/translator.sty
Package: translator 2019-05-31 v1.12a Easy translation of strings in LaTeX
)) (/usr/share/texlive/texmf-dist/tex/latex/beamer/beamerbasemisc.sty) (/usr/sh
are/texlive/texmf-dist/tex/latex/beamer/beamerbasetwoscreens.sty) (/usr/share/t
exlive/texmf-dist/tex/latex/beamer/beamerbaseoverlay.sty
\beamer@argscount=\count284
\beamer@lastskipcover=\skip50
\beamer@trivlistdepth=\count285
) (/usr/share/texlive/texmf-dist/tex/latex/beamer/beamerbasetitle.sty) (/usr/sh
are/texlive/texmf-dist/tex/latex/beamer/beamerbasesection.sty
\c@lecture=\count286
\c@part=\count287
\c@section=\count288
\c@subsection=\count289
\c@subsubsection=\count290
) (/usr/share/texlive/texmf-dist/tex/latex/beamer/beamerbaseframe.sty
\beamer@framebox=\box60
\beamer@frametitlebox=\box61
\beamer@zoombox=\box62
\beamer@zoomcount=\count291
\beamer@zoomframecount=\count292
\beamer@frametextheight=\dimen257
\c@subsectionslide=\count293
\beamer@frametopskip=\skip51
\beamer@framebottomskip=\skip52
\beamer@frametopskipautobreak=\skip53
\beamer@framebottomskipautobreak=\skip54
\beamer@envbody=\toks27
\framewidth=\dimen258
\c@framenumber=\count294
) (/usr/share/texlive/texmf-dist/tex/latex/beamer/beamerbaseverbatim.sty
\beamer@verbatimfileout=\write4
) (/usr/share/texlive/texmf-dist/tex/latex/beamer/beamerbaseframesize.sty
\beamer@splitbox=\box63
\beamer@autobreakcount=\count295
\beamer@autobreaklastheight=\dimen259
\beamer@frametitletoks=\toks28
\beamer@framesubtitletoks=\toks29
) (/usr/share/texlive/texmf-dist/tex/latex/beamer/beamerbaseframecomponents.sty
\beamer@footins=\box64
) (/usr/share/texlive/texmf-dist/tex/latex/beamer/beamerbasecolor.sty) (/usr/sh
are/texlive/texmf-dist/tex/latex/beamer/beamerbasenotes.sty
\beamer@frameboxcopy=\box65
) (/usr/share/texlive/texmf-dist/tex/latex/beamer/beamerbasetoc.sty) (/usr/shar
e/texlive/texmf-dist/tex/latex/beamer/beamerbasetemplates.sty
\beamer@sbttoks=\toks30
(/usr/share/texlive/texmf-dist/tex/latex/beamer/beamerbaseauxtemplates.sty (/us
r/share/texlive/texmf-dist/tex/latex/beamer/beamerbaseboxes.sty
\bmb@box=\box66
\bmb@colorbox=\box67
\bmb@boxshadow=\box68
\bmb@boxshadowball=\box69
\bmb@boxshadowballlarge=\box70
\bmb@temp=\dimen260
\bmb@dima=\dimen261
\bmb@dimb=\dimen262
\bmb@prevheight=\dimen263
)
\beamer@blockheadheight=\dimen264
)) (/usr/share/texlive/texmf-dist/tex/latex/beamer/beamerbaselocalstructure.sty
(/usr/share/texlive/texmf-dist/tex/latex/tools/enumerate.sty
Package: enumerate 2015/07/23 v3.00 enumerate extensions (DPC)
\@enLab=\toks31
)
\c@figure=\count296
\c@table=\count297
\abovecaptionskip=\skip55
\belowcaptionskip=\skip56
) (/usr/share/texlive/texmf-dist/tex/latex/beamer/beamerbasenavigation.sty
\beamer@section@min@dim=\dimen265
) (/usr/share/texlive/texmf-dist/tex/latex/beamer/beamerbasetheorems.sty (/usr/
share/texlive/texmf-dist/tex/latex/amsmath/amsmath.sty
Package: amsmath 2020/01/20 v2.17e AMS math features
\@mathmargin=\skip57
For additional information on amsmath, use the `?' option.
(/usr/share/texlive/texmf-dist/tex/latex/amsmath/amstext.sty
Package: amstext 2000/06/29 v2.01 AMS text
(/usr/share/texlive/texmf-dist/tex/latex/amsmath/amsgen.sty
File: amsgen.sty 1999/11/30 v2.0 generic functions
\@emptytoks=\toks32
\ex@=\dimen266
)) (/usr/share/texlive/texmf-dist/tex/latex/amsmath/amsbsy.sty
Package: amsbsy 1999/11/29 v1.2d Bold Symbols
\pmbraise@=\dimen267
) (/usr/share/texlive/texmf-dist/tex/latex/amsmath/amsopn.sty
Package: amsopn 2016/03/08 v2.02 operator names
)
\inf@bad=\count298
LaTeX Info: Redefining \frac on input line 227.
\uproot@=\count299
\leftroot@=\count300
LaTeX Info: Redefining \overline on input line 389.
\classnum@=\count301
\DOTSCASE@=\count302
LaTeX Info: Redefining \ldots on input line 486.
LaTeX Info: Redefining \dots on input line 489.
LaTeX Info: Redefining \cdots on input line 610.
\Mathstrutbox@=\box71
\strutbox@=\box72
\big@size=\dimen268
LaTeX Font Info:    Redeclaring font encoding OML on input line 733.
LaTeX Font Info:    Redeclaring font encoding OMS on input line 734.
\macc@depth=\count303
\c@MaxMatrixCols=\count304
\dotsspace@=\muskip17
\c@parentequation=\count305
\dspbrk@lvl=\count306
\tag@help=\toks33
\row@=\count307
\column@=\count308
\maxfields@=\count309
\andhelp@=\toks34
\eqnshift@=\dimen269
\alignsep@=\dimen270
\tagshift@=\dimen271
\tagwidth@=\dimen272
\totwidth@=\dimen273
\lineht@=\dimen274
\@envbody=\toks35
\multlinegap=\skip58
\multlinetaggap=\skip59
\mathdisplay@stack=\toks36
LaTeX Info: Redefining \[ on input line 2859.
LaTeX Info: Redefining \] on input line 2860.
) (/usr/share/texlive/texmf-dist/tex/latex/amscls/amsthm.sty
Package: amsthm 2017/10/31 v2.20.4
\thm@style=\toks37
\thm@bodyfont=\toks38
\thm@headfont=\toks39
\thm@notefont=\toks40
\thm@headpunct=\toks41
\thm@preskip=\skip60
\thm@postskip=\skip61
\thm@headsep=\skip62
\dth@everypar=\toks42
)
\c@theorem=\count310
) (/usr/share/texlive/texmf-dist/tex/latex/beamer/beamerbasethemes.sty)) (/usr/
share/texlive/texmf-dist/tex/latex/beamer/beamerthemedefault.sty (/usr/share/te
xlive/texmf-dist/tex/latex/beamer/beamerfontthemedefault.sty) (/usr/share/texli
ve/texmf-dist/tex/latex/beamer/beamercolorthemedefault.sty) (/usr/share/texlive
/texmf-dist/tex/latex/beamer/beamerinnerthemedefault.sty
\beamer@dima=\dimen275
\beamer@dimb=\dimen276
) (/usr/share/texlive/texmf-dist/tex/latex/beamer/beamerouterthemedefault.sty))
) (/usr/share/texlive/texmf-dist/tex/latex/pgf/utilities/pgfpages.sty
Package: pgfpages 2011/01/05 ver 0.02
(/usr/share/texlive/texmf-dist/tex/latex/tools/calc.sty
Package: calc 2017/05/25 v4.3 Infix arithmetic (KKT,FJ)
\calc@Acount=\count311
\calc@Bcount=\count312
\calc@Adimen=\dimen277
\calc@Bdimen=\dimen278
\calc@Askip=\skip63
\calc@Bskip=\skip64
LaTeX Info: Redefining \setlength on input line 80.
LaTeX Info: Redefining \addtolength on input line 81.
\calc@Ccount=\count313
\calc@Cskip=\skip65
)
\pgf@logicalpages=\count314
\pgf@firstshipout=\count315
\pgf@lastshipout=\count316
\pgf@currentshipout=\count317
\pgf@cpn=\count318
\pgf@shipoutnextto=\count319
\pgfphysicalheight=\dimen279
\pgfphysicalwidth=\dimen280
\pgfpages@shipoutbox=\box73
) (/usr/share/texmf/tex/latex/lm/lmodern.sty
Package: lmodern 2009/10/30 v1.6 Latin Modern Fonts
LaTeX Font Info:    Overwriting symbol font `operators' in version `normal'
(Font)                  OT1/cmr/m/n --> OT1/lmr/m/n on input line 22.
LaTeX Font Info:    Overwriting symbol font `letters' in version `normal'
(Font)                  OML/cmm/m/it --> OML/lmm/m/it on input line 23.
LaTeX Font Info:    Overwriting symbol font `symbols' in version `normal'
(Font)                  OMS/cmsy/m/n --> OMS/lmsy/m/n on input line 24.
LaTeX Font Info:    Overwriting symbol font `largesymbols' in version `normal'
(Font)                  OMX/cmex/m/n --> OMX/lmex/m/n on input line 25.
LaTeX Font Info:    Overwriting symbol font `operators' in version `bold'
(Font)                  OT1/cmr/bx/n --> OT1/lmr/bx/n on input line 26.
LaTeX Font Info:    Overwriting symbol font `letters' in version `bold'
(Font)                  OML/cmm/b/it --> OML/lmm/b/it on input line 27.
LaTeX Font Info:    Overwriting symbol font `symbols' in version `bold'
(Font)                  OMS/cmsy/b/n --> OMS/lmsy/b/n on input line 28.
LaTeX Font Info:    Overwriting symbol font `largesymbols' in version `bold'
(Font)                  OMX/cmex/m/n --> OMX/lmex/m/n on input line 29.
LaTeX Font Info:    Overwriting math alphabet `\mathbf' in version `normal'
(Font)                  OT1/cmr/bx/n --> OT1/lmr/bx/n on input line 31.
LaTeX Font Info:    Overwriting math alphabet `\mathsf' in version `normal'
(Font)                  OT1/cmss/m/n --> OT1/lmss/m/n on input line 32.
LaTeX Font Info:    Overwriting math alphabet `\mathit' in version `normal'
(Font)                  OT1/cmr/m/it --> OT1/lmr/m/it on input line 33.
LaTeX Font Info:    Overwriting math alphabet `\mathtt' in version `normal'
(Font)                  OT1/cmtt/m/n --> OT1/lmtt/m/n on input line 34.
LaTeX Font Info:    Overwriting math alphabet `\mathbf' in version `bold'
(Font)                  OT1/cmr/bx/n --> OT1/lmr/bx/n on input line 35.
LaTeX Font Info:    Overwriting math alphabet `\mathsf' in version `bold'
(Font)                  OT1/cmss/bx/n --> OT1/lmss/bx/n on input line 36.
LaTeX Font Info:    Overwriting math alphabet `\mathit' in version `bold'
(Font)                  OT1/cmr/bx/it --> OT1/lmr/bx/it on input line 37.
LaTeX Font Info:    Overwriting math alphabet `\mathtt' in version `bold'
(Font)                  OT1/cmtt/m/n --> OT1/lmtt/m/n on input line 38.
) (/usr/share/texlive/texmf-dist/tex/generic/iftex/ifxetex.sty
Package: ifxetex 2019/10/25 v0.7 ifxetex legacy package. Use iftex instead.
) (/usr/share/texlive/texmf-dist/tex/generic/iftex/ifluatex.sty
Package: ifluatex 2019/10/25 v1.5 ifluatex legacy package. Use iftex instead.
) (/usr/share/texlive/texmf-dist/tex/latex/base/fontenc.sty
Package: fontenc 2020/02/11 v2.0o Standard LaTeX package
LaTeX Font Info:    Trying to load font information for T1+lmss on input line 1
12.
(/usr/share/texmf/tex/latex/lm/t1lmss.fd
File: t1lmss.fd 2009/10/30 v1.6 Font defs for Latin Modern
)) (/usr/share/texlive/texmf-dist/tex/latex/base/inputenc.sty
Package: inputenc 2018/08/11 v1.3c Input encoding file
\inpenc@prehook=\toks43
\inpenc@posthook=\toks44
) (/usr/share/texlive/texmf-dist/tex/latex/base/textcomp.sty
Package: textcomp 2020/02/02 v2.0n Standard LaTeX package
)
(/usr/share/texlive/texmf-dist/tex/latex/beamertheme-metropolis/beamerthememetr
opolis.sty
Package: beamerthememetropolis 2017/01/23 v1.2 Metropolis Beamer theme
(/usr/share/texlive/texmf-dist/tex/latex/pgfopts/pgfopts.sty
Package: pgfopts 2014/07/10 v2.1a LaTeX package options with pgfkeys
(/usr/share/texlive/texmf-dist/tex/latex/pgf/utilities/pgfkeys.sty (/usr/share/
texlive/texmf-dist/tex/generic/pgf/utilities/pgfkeys.code.tex))
\pgfopts@list@add@a@toks=\toks45
\pgfopts@list@add@b@toks=\toks46
)
(/usr/share/texlive/texmf-dist/tex/latex/beamertheme-metropolis/beamerinnerthem
emetropolis.sty
Package: beamerinnerthememetropolis 2017/01/23 Metropolis inner theme
(/usr/share/texlive/texmf-dist/tex/latex/pgf/frontendlayer/tikz.sty (/usr/share
/texlive/texmf-dist/tex/latex/pgf/basiclayer/pgf.sty
Package: pgf 2020/01/08 v3.1.5b (3.1.5b)

(/usr/share/texlive/texmf-dist/tex/generic/pgf/modules/pgfmoduleshapes.code.tex
File: pgfmoduleshapes.code.tex 2020/01/08 v3.1.5b (3.1.5b)
\pgfnodeparttextbox=\box74
) (/usr/share/texlive/texmf-dist/tex/generic/pgf/modules/pgfmoduleplot.code.tex
File: pgfmoduleplot.code.tex 2020/01/08 v3.1.5b (3.1.5b)
)
(/usr/share/texlive/texmf-dist/tex/latex/pgf/compatibility/pgfcomp-version-0-65
.sty
Package: pgfcomp-version-0-65 2020/01/08 v3.1.5b (3.1.5b)
\pgf@nodesepstart=\dimen281
\pgf@nodesepend=\dimen282
)
(/usr/share/texlive/texmf-dist/tex/latex/pgf/compatibility/pgfcomp-version-1-18
.sty
Package: pgfcomp-version-1-18 2020/01/08 v3.1.5b (3.1.5b)
)) (/usr/share/texlive/texmf-dist/tex/latex/pgf/utilities/pgffor.sty (/usr/shar
e/texlive/texmf-dist/tex/latex/pgf/math/pgfmath.sty (/usr/share/texlive/texmf-d
ist/tex/generic/pgf/math/pgfmath.code.tex)) (/usr/share/texlive/texmf-dist/tex/
generic/pgf/utilities/pgffor.code.tex
Package: pgffor 2020/01/08 v3.1.5b (3.1.5b)
(/usr/share/texlive/texmf-dist/tex/generic/pgf/math/pgfmath.code.tex)
\pgffor@iter=\dimen283
\pgffor@skip=\dimen284
\pgffor@stack=\toks47
\pgffor@toks=\toks48
))
(/usr/share/texlive/texmf-dist/tex/generic/pgf/frontendlayer/tikz/tikz.code.tex
Package: tikz 2020/01/08 v3.1.5b (3.1.5b)

(/usr/share/texlive/texmf-dist/tex/generic/pgf/libraries/pgflibraryplothandlers
.code.tex
File: pgflibraryplothandlers.code.tex 2020/01/08 v3.1.5b (3.1.5b)
\pgf@plot@mark@count=\count320
\pgfplotmarksize=\dimen285
)
\tikz@lastx=\dimen286
\tikz@lasty=\dimen287
\tikz@lastxsaved=\dimen288
\tikz@lastysaved=\dimen289
\tikz@lastmovetox=\dimen290
\tikz@lastmovetoy=\dimen291
\tikzleveldistance=\dimen292
\tikzsiblingdistance=\dimen293
\tikz@figbox=\box75
\tikz@figbox@bg=\box76
\tikz@tempbox=\box77
\tikz@tempbox@bg=\box78
\tikztreelevel=\count321
\tikznumberofchildren=\count322
\tikznumberofcurrentchild=\count323
\tikz@fig@count=\count324

(/usr/share/texlive/texmf-dist/tex/generic/pgf/modules/pgfmodulematrix.code.tex
File: pgfmodulematrix.code.tex 2020/01/08 v3.1.5b (3.1.5b)
\pgfmatrixcurrentrow=\count325
\pgfmatrixcurrentcolumn=\count326
\pgf@matrix@numberofcolumns=\count327
)
\tikz@expandcount=\count328

(/usr/share/texlive/texmf-dist/tex/generic/pgf/frontendlayer/tikz/libraries/tik
zlibrarytopaths.code.tex
File: tikzlibrarytopaths.code.tex 2020/01/08 v3.1.5b (3.1.5b)
)))
\metropolis@titleseparator@linewidth=\skip66
\metropolis@progressonsectionpage=\skip67
\metropolis@progressonsectionpage@linewidth=\skip68
\metropolis@blocksep=\skip69
\metropolis@blockadjust=\skip70
\metropolis@parskip=\skip71
)
(/usr/share/texlive/texmf-dist/tex/latex/beamertheme-metropolis/beamerouterthem
emetropolis.sty
Package: beamerouterthememetropolis 2017/01/23 Metropolis outer theme
\metropolis@frametitle@padding=\skip72
\metropolis@progressinheadfoot=\skip73
\metropolis@progressinheadfoot@linewidth=\skip74
)
(/usr/share/texlive/texmf-dist/tex/latex/beamertheme-metropolis/beamercolorthem
emetropolis.sty
Package: beamercolorthememetropolis 2017/01/23 Metropolis color theme
)
(/usr/share/texlive/texmf-dist/tex/latex/beamertheme-metropolis/beamerfonttheme
metropolis.sty
Package: beamerfontthememetropolis 2017/01/23 Metropolis font theme

Package beamerthememetropolis Warning: You need to compile with XeLaTeX or LuaL
aTeX to use the Fira fonts on input line 95.

)) (/usr/share/texlive/texmf-dist/tex/latex/upquote/upquote.sty
Package: upquote 2012/04/19 v1.3 upright-quote and grave-accent glyphs in verba
tim
) (/usr/share/texlive/texmf-dist/tex/latex/microtype/microtype.sty
Package: microtype 2019/11/18 v2.7d Micro-typographical refinements (RS)
\MT@toks=\toks49
\MT@count=\count329
LaTeX Info: Redefining \textls on input line 790.
\MT@outer@kern=\dimen294
LaTeX Info: Redefining \textmicrotypecontext on input line 1354.
\MT@listname@count=\count330
(/usr/share/texlive/texmf-dist/tex/latex/microtype/microtype-pdftex.def
File: microtype-pdftex.def 2019/11/18 v2.7d Definitions specific to pdftex (RS)

LaTeX Info: Redefining \lsstyle on input line 914.
LaTeX Info: Redefining \lslig on input line 914.
\MT@outer@space=\skip75
)
Package microtype Info: Loading configuration file microtype.cfg.
(/usr/share/texlive/texmf-dist/tex/latex/microtype/microtype.cfg
File: microtype.cfg 2019/11/18 v2.7d microtype main configuration file (RS)
)) (/usr/share/texlive/texmf-dist/tex/latex/parskip/parskip.sty
Package: parskip 2020-01-22 v2.0d non-zero parskip adjustments
) (/usr/share/texlive/texmf-dist/tex/latex/xurl/xurl.sty
Package: xurl 2020/01/24 v 0.09 modify URL breaks
) (/usr/share/texlive/texmf-dist/tex/latex/bookmark/bookmark.sty
Package: bookmark 2019/12/03 v1.28 PDF bookmarks (HO)
(/usr/share/texlive/texmf-dist/tex/latex/bookmark/bkm-pdftex.def
File: bkm-pdftex.def 2019/12/03 v1.28 bookmark driver for pdfTeX (HO)
\BKM@id=\count331
)) (/usr/share/texlive/texmf-dist/tex/latex/fancyvrb/fancyvrb.sty
Package: fancyvrb 2020/01/13 v3.5 verbatim text (tvz,hv)
\FV@CodeLineNo=\count332
\FV@InFile=\read3
\FV@TabBox=\box79
\c@FancyVerbLine=\count333
\FV@StepNumber=\count334
\FV@OutFile=\write5
) (/usr/share/texlive/texmf-dist/tex/latex/framed/framed.sty
Package: framed 2011/10/22 v 0.96: framed or shaded text with page breaks
\OuterFrameSep=\skip76
\fb@frw=\dimen295
\fb@frh=\dimen296
\FrameRule=\dimen297
\FrameSep=\dimen298
) (/usr/share/texlive/texmf-dist/tex/generic/ulem/ulem.sty
\UL@box=\box80
\UL@hyphenbox=\box81
\UL@skip=\skip77
\UL@hook=\toks50
\UL@height=\dimen299
\UL@pe=\count335
\UL@pixel=\dimen300
\ULC@box=\box82
Package: ulem 2019/11/18
\ULdepth=\dimen301
) (/usr/share/texlive/texmf-dist/tex/latex/caption/caption.sty
Package: caption 2020/01/03 v3.4h Customizing captions (AR)
(/usr/share/texlive/texmf-dist/tex/latex/caption/caption3.sty
Package: caption3 2020/01/03 v1.8h caption3 kernel (AR)
Package caption3 Info: TeX engine: e-TeX on input line 61.
\captionmargin=\dimen302
\captionmargin@=\dimen303
\captionwidth=\dimen304
\caption@tempdima=\dimen305
\caption@indent=\dimen306
\caption@parindent=\dimen307
\caption@hangindent=\dimen308
Package caption Info: beamer document class detected.
)
\c@caption@flags=\count336
\c@continuedfloat=\count337
Package caption Info: beamer document class.
Package caption Info: hyperref package is loaded.
Package caption Info: Hyperref support is turned off
(caption)             because hyperref has stopped early.
) (/usr/share/texlive/texmf-dist/tex/latex/l3backend/l3backend-pdfmode.def
File: l3backend-pdfmode.def 2020-02-03 L3 backend support: PDF mode
\l__kernel_color_stack_int=\count338
\l__pdf_internal_box=\box83
) (./modelos_estadisticos.aux)
\openout1 = `modelos_estadisticos.aux'.

LaTeX Font Info:    Checking defaults for OML/cmm/m/it on input line 159.
LaTeX Font Info:    ... okay on input line 159.
LaTeX Font Info:    Checking defaults for OMS/cmsy/m/n on input line 159.
LaTeX Font Info:    ... okay on input line 159.
LaTeX Font Info:    Checking defaults for OT1/cmr/m/n on input line 159.
LaTeX Font Info:    ... okay on input line 159.
LaTeX Font Info:    Checking defaults for T1/cmr/m/n on input line 159.
LaTeX Font Info:    ... okay on input line 159.
LaTeX Font Info:    Checking defaults for TS1/cmr/m/n on input line 159.
LaTeX Font Info:    ... okay on input line 159.
LaTeX Font Info:    Checking defaults for OMX/cmex/m/n on input line 159.
LaTeX Font Info:    ... okay on input line 159.
LaTeX Font Info:    Checking defaults for U/cmr/m/n on input line 159.
LaTeX Font Info:    ... okay on input line 159.
LaTeX Font Info:    Checking defaults for PD1/pdf/m/n on input line 159.
LaTeX Font Info:    ... okay on input line 159.
LaTeX Font Info:    Checking defaults for PU/pdf/m/n on input line 159.
LaTeX Font Info:    ... okay on input line 159.
*geometry* driver: auto-detecting
*geometry* detected driver: pdftex
*geometry* verbose mode - [ preamble ] result:
* driver: pdftex
* paper: custom
* layout: <same size as paper>
* layoutoffset:(h,v)=(0.0pt,0.0pt)
* modes: includehead includefoot 
* h-part:(L,W,R)=(28.45274pt, 307.28987pt, 28.45274pt)
* v-part:(T,H,B)=(0.0pt, 273.14662pt, 0.0pt)
* \paperwidth=364.19536pt
* \paperheight=273.14662pt
* \textwidth=307.28987pt
* \textheight=244.6939pt
* \oddsidemargin=-43.81725pt
* \evensidemargin=-43.81725pt
* \topmargin=-72.26999pt
* \headheight=14.22636pt
* \headsep=0.0pt
* \topskip=10.0pt
* \footskip=14.22636pt
* \marginparwidth=3.0pt
* \marginparsep=11.0pt
* \columnsep=10.0pt
* \skip\footins=9.0pt plus 4.0pt minus 2.0pt
* \hoffset=0.0pt
* \voffset=0.0pt
* \mag=1000
* \@twocolumnfalse
* \@twosidefalse
* \@mparswitchfalse
* \@reversemarginfalse
* (1in=72.27pt=25.4mm, 1cm=28.453pt)

(/usr/share/texlive/texmf-dist/tex/context/base/mkii/supp-pdf.mkii
[Loading MPS to PDF converter (version 2006.09.02).]
\scratchcounter=\count339
\scratchdimen=\dimen309
\scratchbox=\box84
\nofMPsegments=\count340
\nofMParguments=\count341
\everyMPshowfont=\toks51
\MPscratchCnt=\count342
\MPscratchDim=\dimen310
\MPnumerator=\count343
\makeMPintoPDFobject=\count344
\everyMPtoPDFconversion=\toks52
) (/usr/share/texlive/texmf-dist/tex/latex/epstopdf-pkg/epstopdf-base.sty
Package: epstopdf-base 2020-01-24 v2.11 Base part for package epstopdf
(/usr/share/texlive/texmf-dist/tex/latex/grfext/grfext.sty
Package: grfext 2019/12/03 v1.3 Manage graphics extensions (HO)
)
Package epstopdf-base Info: Redefining graphics rule for `.eps' on input line 4
85.
Package grfext Info: Graphics extension search list:
(grfext)             [.pdf,.png,.jpg,.mps,.jpeg,.jbig2,.jb2,.PDF,.PNG,.JPG,.JPE
G,.JBIG2,.JB2,.eps]
(grfext)             \AppendGraphicsExtensions on input line 504.
(/usr/share/texlive/texmf-dist/tex/latex/latexconfig/epstopdf-sys.cfg
File: epstopdf-sys.cfg 2010/07/13 v1.3 Configuration of (r)epstopdf for TeX Liv
e
)) ABD: EveryShipout initializing macros
\AtBeginShipoutBox=\box85
Package hyperref Info: Link coloring OFF on input line 159.
(/usr/share/texlive/texmf-dist/tex/latex/hyperref/nameref.sty
Package: nameref 2019/09/16 v2.46 Cross-referencing by name of section
(/usr/share/texlive/texmf-dist/tex/latex/refcount/refcount.sty
Package: refcount 2019/12/15 v3.6 Data extraction from label references (HO)
) (/usr/share/texlive/texmf-dist/tex/generic/gettitlestring/gettitlestring.sty
Package: gettitlestring 2019/12/15 v1.6 Cleanup title references (HO)
)
\c@section@level=\count345
)
LaTeX Info: Redefining \ref on input line 159.
LaTeX Info: Redefining \pageref on input line 159.
LaTeX Info: Redefining \nameref on input line 159.
LaTeX Font Info:    Overwriting symbol font `operators' in version `normal'
(Font)                  OT1/lmr/m/n --> OT1/cmss/m/n on input line 159.
LaTeX Font Info:    Overwriting symbol font `operators' in version `bold'
(Font)                  OT1/lmr/bx/n --> OT1/cmss/b/n on input line 159.
LaTeX Font Info:    Overwriting symbol font `operators' in version `normal'
(Font)                  OT1/cmss/m/n --> OT1/lmss/m/n on input line 159.
LaTeX Font Info:    Overwriting symbol font `operators' in version `bold'
(Font)                  OT1/cmss/b/n --> OT1/lmss/b/n on input line 159.
\symnumbers=\mathgroup6
\sympureletters=\mathgroup7
LaTeX Font Info:    Overwriting math alphabet `\mathrm' in version `normal'
(Font)                  OT1/lmss/m/n --> T1/lmr/m/n on input line 159.
LaTeX Font Info:    Redeclaring math alphabet \mathbf on input line 159.
LaTeX Font Info:    Overwriting math alphabet `\mathbf' in version `normal'
(Font)                  OT1/lmr/bx/n --> T1/lmss/b/n on input line 159.
LaTeX Font Info:    Overwriting math alphabet `\mathbf' in version `bold'
(Font)                  OT1/lmr/bx/n --> T1/lmss/b/n on input line 159.
LaTeX Font Info:    Redeclaring math alphabet \mathsf on input line 159.
LaTeX Font Info:    Overwriting math alphabet `\mathsf' in version `normal'
(Font)                  OT1/lmss/m/n --> T1/lmss/m/n on input line 159.
LaTeX Font Info:    Overwriting math alphabet `\mathsf' in version `bold'
(Font)                  OT1/lmss/bx/n --> T1/lmss/m/n on input line 159.
LaTeX Font Info:    Redeclaring math alphabet \mathit on input line 159.
LaTeX Font Info:    Overwriting math alphabet `\mathit' in version `normal'
(Font)                  OT1/lmr/m/it --> T1/lmss/m/it on input line 159.
LaTeX Font Info:    Overwriting math alphabet `\mathit' in version `bold'
(Font)                  OT1/lmr/bx/it --> T1/lmss/m/it on input line 159.
LaTeX Font Info:    Redeclaring math alphabet \mathtt on input line 159.
LaTeX Font Info:    Overwriting math alphabet `\mathtt' in version `normal'
(Font)                  OT1/lmtt/m/n --> T1/lmtt/m/n on input line 159.
LaTeX Font Info:    Overwriting math alphabet `\mathtt' in version `bold'
(Font)                  OT1/lmtt/m/n --> T1/lmtt/m/n on input line 159.
LaTeX Font Info:    Overwriting symbol font `numbers' in version `bold'
(Font)                  T1/lmss/m/n --> T1/lmss/b/n on input line 159.
LaTeX Font Info:    Overwriting symbol font `pureletters' in version `bold'
(Font)                  T1/lmss/m/it --> T1/lmss/b/it on input line 159.
LaTeX Font Info:    Overwriting math alphabet `\mathrm' in version `bold'
(Font)                  OT1/lmss/b/n --> T1/lmr/b/n on input line 159.
LaTeX Font Info:    Overwriting math alphabet `\mathbf' in version `bold'
(Font)                  T1/lmss/b/n --> T1/lmss/b/n on input line 159.
LaTeX Font Info:    Overwriting math alphabet `\mathsf' in version `bold'
(Font)                  T1/lmss/m/n --> T1/lmss/b/n on input line 159.
LaTeX Font Info:    Overwriting math alphabet `\mathit' in version `bold'
(Font)                  T1/lmss/m/it --> T1/lmss/b/it on input line 159.
LaTeX Font Info:    Overwriting math alphabet `\mathtt' in version `bold'
(Font)                  T1/lmtt/m/n --> T1/lmtt/b/n on input line 159.

(/usr/share/texlive/texmf-dist/tex/latex/translator/translator-basic-dictionary
-English.dict
Dictionary: translator-basic-dictionary, Language: English 
)
(/usr/share/texlive/texmf-dist/tex/latex/translator/translator-bibliography-dic
tionary-English.dict
Dictionary: translator-bibliography-dictionary, Language: English 
)
(/usr/share/texlive/texmf-dist/tex/latex/translator/translator-environment-dict
ionary-English.dict
Dictionary: translator-environment-dictionary, Language: English 
)
(/usr/share/texlive/texmf-dist/tex/latex/translator/translator-months-dictionar
y-English.dict
Dictionary: translator-months-dictionary, Language: English 
)
(/usr/share/texlive/texmf-dist/tex/latex/translator/translator-numbers-dictiona
ry-English.dict
Dictionary: translator-numbers-dictionary, Language: English 
)
(/usr/share/texlive/texmf-dist/tex/latex/translator/translator-theorem-dictiona
ry-English.dict
Dictionary: translator-theorem-dictionary, Language: English 
)
LaTeX Info: Redefining \microtypecontext on input line 159.
Package microtype Info: Generating PDF output.
Package microtype Info: Character protrusion enabled (level 2).
Package microtype Info: Using protrusion set `basicmath'.
Package microtype Info: Automatic font expansion enabled (level 2),
(microtype)             stretch: 20, shrink: 20, step: 1, non-selected.
Package microtype Info: Using default expansion set `basictext'.
LaTeX Info: Redefining \showhyphens on input line 159.
Package microtype Info: No adjustment of tracking.
Package microtype Info: No adjustment of interword spacing.
Package microtype Info: No adjustment of character kerning.
Package microtype Info: Loading generic protrusion settings for font family
(microtype)             `lmss' (encoding: T1).
(microtype)             For optimal results, create family-specific settings.
(microtype)             See the microtype manual for details.
Package caption Info: Begin \AtBeginDocument code.
Package caption Info: End \AtBeginDocument code.
(./modelos_estadisticos.nav)
Overfull \vbox (39.39339pt too high) detected at line 160
 []

[1

{/var/lib/texmf/fonts/map/pdftex/updmap/pdftex.map}]
LaTeX Font Info:    Trying to load font information for TS1+lmss on input line 
191.
(/usr/share/texmf/tex/latex/lm/ts1lmss.fd
File: ts1lmss.fd 2009/10/30 v1.6 Font defs for Latin Modern
) [2

]pdfTeX warning (ext4): destination with the same identifier (name{regresiuxf3n
-estaduxedstica}) has been already used, duplicate ignored
<to be read again> 
                   \relax 
l.191 \end{frame}
                  [3

]pdfTeX warning (ext4): destination with the same identifier (name{regresiuxf3n
-estaduxedstica}) has been already used, duplicate ignored
<to be read again> 
                   \relax 
l.191 \end{frame}
                  [4

]pdfTeX warning (ext4): destination with the same identifier (name{regresiuxf3n
-estaduxedstica}) has been already used, duplicate ignored
<to be read again> 
                   \relax 
l.191 \end{frame}
                  [5

]pdfTeX warning (ext4): destination with the same identifier (name{regresiuxf3n
-estaduxedstica}) has been already used, duplicate ignored
<to be read again> 
                   \relax 
l.191 \end{frame}
                  [6

]pdfTeX warning (ext4): destination with the same identifier (name{regresiuxf3n
-estaduxedstica}) has been already used, duplicate ignored
<to be read again> 
                   \relax 
l.191 \end{frame}
                  [7

]pdfTeX warning (ext4): destination with the same identifier (name{regresiuxf3n
-estaduxedstica}) has been already used, duplicate ignored
<to be read again> 
                   \relax 
l.191 \end{frame}
                  [8

]
</home/david/Work/docencia/CEA_Reproducibilidad/data/figuras/marco_regresion.pn
g, id=63, 1074.0125pt x 884.30376pt>
File: /home/david/Work/docencia/CEA_Reproducibilidad/data/figuras/marco_regresi
on.png Graphic file (type png)
<use /home/david/Work/docencia/CEA_Reproducibilidad/data/figuras/marco_regresio
n.png>
Package pdftex.def Info: /home/david/Work/docencia/CEA_Reproducibilidad/data/fi
guras/marco_regresion.png  used on input line 200.
(pdftex.def)             Requested size: 245.82135pt x 202.40057pt.
[9

 </home/david/Work/docencia/CEA_Reproducibilidad/data/figuras/marco_regresion.p
ng>]
</home/david/Work/docencia/CEA_Reproducibilidad/data/figuras/model_types.png, i
d=70, 1543.7675pt x 778.91pt>
File: /home/david/Work/docencia/CEA_Reproducibilidad/data/figuras/model_types.p
ng Graphic file (type png)
<use /home/david/Work/docencia/CEA_Reproducibilidad/data/figuras/model_types.pn
g>
Package pdftex.def Info: /home/david/Work/docencia/CEA_Reproducibilidad/data/fi
guras/model_types.png  used on input line 209.
(pdftex.def)             Requested size: 304.20172pt x 153.4854pt.
[10

 </home/david/Work/docencia/CEA_Reproducibilidad/data/figuras/model_types.png>]
</home/david/Work/docencia/CEA_Reproducibilidad/data/figuras/intercept_slope.pn
g, id=77, 964.60374pt x 229.85875pt>
File: /home/david/Work/docencia/CEA_Reproducibilidad/data/figuras/intercept_slo
pe.png Graphic file (type png)
<use /home/david/Work/docencia/CEA_Reproducibilidad/data/figuras/intercept_slop
e.png>
Package pdftex.def Info: /home/david/Work/docencia/CEA_Reproducibilidad/data/fi
guras/intercept_slope.png  used on input line 226.
(pdftex.def)             Requested size: 276.54869pt x 65.89973pt.
[11

 </home/david/Work/docencia/CEA_Reproducibilidad/data/figuras/intercept_slope.p
ng>]
LaTeX Font Info:    Font shape `T1/lmss/m/it' in size <10> not available
(Font)              Font shape `T1/lmss/m/sl' tried instead on input line 243.
</home/david/Work/docencia/CEA_Reproducibilidad/data/figuras/least_squares_line
.png, id=84, 962.59625pt x 319.1925pt>
File: /home/david/Work/docencia/CEA_Reproducibilidad/data/figuras/least_squares
_line.png Graphic file (type png)
<use /home/david/Work/docencia/CEA_Reproducibilidad/data/figuras/least_squares_
line.png>
Package pdftex.def Info: /home/david/Work/docencia/CEA_Reproducibilidad/data/fi
guras/least_squares_line.png  used on input line 243.
(pdftex.def)             Requested size: 276.54597pt x 91.70137pt.
[12

 </home/david/Work/docencia/CEA_Reproducibilidad/data/figuras/least_squares_lin
e.png>]
File: /home/david/Work/docencia/CEA_Reproducibilidad/data/figuras/least_squares
_line.png Graphic file (type png)
<use /home/david/Work/docencia/CEA_Reproducibilidad/data/figuras/least_squares_
line.png>
Package pdftex.def Info: /home/david/Work/docencia/CEA_Reproducibilidad/data/fi
guras/least_squares_line.png  used on input line 264.
(pdftex.def)             Requested size: 245.81865pt x 81.51233pt.
LaTeX Font Info:    Trying to load font information for OT1+lmss on input line 
264.
(/usr/share/texmf/tex/latex/lm/ot1lmss.fd
File: ot1lmss.fd 2009/10/30 v1.6 Font defs for Latin Modern
)
Package microtype Info: Loading generic protrusion settings for font family
(microtype)             `lmss' (encoding: OT1).
(microtype)             For optimal results, create family-specific settings.
(microtype)             See the microtype manual for details.
LaTeX Font Info:    Trying to load font information for OML+lmm on input line 2
64.
(/usr/share/texmf/tex/latex/lm/omllmm.fd
File: omllmm.fd 2009/10/30 v1.6 Font defs for Latin Modern
)
LaTeX Font Info:    Trying to load font information for OMS+lmsy on input line 
264.
(/usr/share/texmf/tex/latex/lm/omslmsy.fd
File: omslmsy.fd 2009/10/30 v1.6 Font defs for Latin Modern
)
LaTeX Font Info:    Trying to load font information for OMX+lmex on input line 
264.
(/usr/share/texmf/tex/latex/lm/omxlmex.fd
File: omxlmex.fd 2009/10/30 v1.6 Font defs for Latin Modern
)
LaTeX Font Info:    External font `lmex10' loaded for size
(Font)              <10> on input line 264.
LaTeX Font Info:    External font `lmex10' loaded for size
(Font)              <7> on input line 264.
LaTeX Font Info:    External font `lmex10' loaded for size
(Font)              <5> on input line 264.
LaTeX Font Info:    Trying to load font information for U+msa on input line 264
.
(/usr/share/texlive/texmf-dist/tex/latex/amsfonts/umsa.fd
File: umsa.fd 2013/01/14 v3.01 AMS symbols A
) (/usr/share/texlive/texmf-dist/tex/latex/microtype/mt-msa.cfg
File: mt-msa.cfg 2006/02/04 v1.1 microtype config. file: AMS symbols (a) (RS)
)
LaTeX Font Info:    Trying to load font information for U+msb on input line 264
.
(/usr/share/texlive/texmf-dist/tex/latex/amsfonts/umsb.fd
File: umsb.fd 2013/01/14 v3.01 AMS symbols B
) (/usr/share/texlive/texmf-dist/tex/latex/microtype/mt-msb.cfg
File: mt-msb.cfg 2005/06/01 v1.0 microtype config. file: AMS symbols (b) (RS)
)
LaTeX Font Info:    Font shape `T1/lmss/m/it' in size <7> not available
(Font)              Font shape `T1/lmss/m/sl' tried instead on input line 264.
LaTeX Font Info:    Font shape `T1/lmss/m/it' in size <5> not available
(Font)              Font shape `T1/lmss/m/sl' tried instead on input line 264.
[13

] [14

]
</home/david/Work/docencia/CEA_Reproducibilidad/data/figuras/error_residual.png
, id=110, 1194.4625pt x 675.52374pt>
File: /home/david/Work/docencia/CEA_Reproducibilidad/data/figuras/error_residua
l.png Graphic file (type png)
<use /home/david/Work/docencia/CEA_Reproducibilidad/data/figuras/error_residual
.png>
Package pdftex.def Info: /home/david/Work/docencia/CEA_Reproducibilidad/data/fi
guras/error_residual.png  used on input line 294.
(pdftex.def)             Requested size: 215.0851pt x 121.64056pt.
[15

 </home/david/Work/docencia/CEA_Reproducibilidad/data/figuras/error_residual.pn
g>]
</home/david/Work/docencia/CEA_Reproducibilidad/data/figuras/normalidad_residuo
s.png, id=117, 762.85pt x 563.10374pt>
File: /home/david/Work/docencia/CEA_Reproducibilidad/data/figuras/normalidad_re
siduos.png Graphic file (type png)
<use /home/david/Work/docencia/CEA_Reproducibilidad/data/figuras/normalidad_res
iduos.png>
Package pdftex.def Info: /home/david/Work/docencia/CEA_Reproducibilidad/data/fi
guras/normalidad_residuos.png  used on input line 312.
(pdftex.def)             Requested size: 245.82808pt x 181.45993pt.

Overfull \vbox (13.64017pt too high) detected at line 312
 []

[16

 </home/david/Work/docencia/CEA_Reproducibilidad/data/figuras/normalidad_residu
os.png>]
</home/david/Work/docencia/CEA_Reproducibilidad/data/figuras/normalidad_residuo
s_2.png, id=124, 541.02126pt x 410.53375pt>
File: /home/david/Work/docencia/CEA_Reproducibilidad/data/figuras/normalidad_re
siduos_2.png Graphic file (type png)
<use /home/david/Work/docencia/CEA_Reproducibilidad/data/figuras/normalidad_res
iduos_2.png>
Package pdftex.def Info: /home/david/Work/docencia/CEA_Reproducibilidad/data/fi
guras/normalidad_residuos_2.png  used on input line 328.
(pdftex.def)             Requested size: 215.10033pt x 163.22084pt.
[17

 </home/david/Work/docencia/CEA_Reproducibilidad/data/figuras/normalidad_residu
os_2.png>] [18

]pdfTeX warning (ext4): destination with the same identifier (name{regresiuxf3n
-estaduxedstica-10}) has been already used, duplicate ignored
<to be read again> 
                   \relax 
l.345 \end{frame}
                  [19

]pdfTeX warning (ext4): destination with the same identifier (name{regresiuxf3n
-estaduxedstica-10}) has been already used, duplicate ignored
<to be read again> 
                   \relax 
l.345 \end{frame}
                  [20

]pdfTeX warning (ext4): destination with the same identifier (name{regresiuxf3n
-estaduxedstica-10}) has been already used, duplicate ignored
<to be read again> 
                   \relax 
l.345 \end{frame}
                  [21

]
\openout4 = `modelos_estadisticos.vrb'.

(./modelos_estadisticos.vrb
LaTeX Font Info:    Trying to load font information for T1+lmtt on input line 8
.
(/usr/share/texmf/tex/latex/lm/t1lmtt.fd
File: t1lmtt.fd 2009/10/30 v1.6 Font defs for Latin Modern
)) [22

]
</home/david/Work/docencia/CEA_Reproducibilidad/data/figuras/plot_data_first.pn
g, id=161, 817.0525pt x 576.1525pt>
File: /home/david/Work/docencia/CEA_Reproducibilidad/data/figuras/plot_data_fir
st.png Graphic file (type png)
<use /home/david/Work/docencia/CEA_Reproducibilidad/data/figuras/plot_data_firs
t.png>
Package pdftex.def Info: /home/david/Work/docencia/CEA_Reproducibilidad/data/fi
guras/plot_data_first.png  used on input line 384.
(pdftex.def)             Requested size: 215.09662pt x 151.67746pt.
[23

 </home/david/Work/docencia/CEA_Reproducibilidad/data/figuras/plot_data_first.p
ng>]
\openout4 = `modelos_estadisticos.vrb'.

(./modelos_estadisticos.vrb) [24

]
\openout4 = `modelos_estadisticos.vrb'.

(./modelos_estadisticos.vrb) [25

]
\openout4 = `modelos_estadisticos.vrb'.

(./modelos_estadisticos.vrb
<modelos_estadisticos_files/figure-beamer/unnamed-chunk-14-1.pdf, id=181, 702.6
25pt x 482.80376pt>
File: modelos_estadisticos_files/figure-beamer/unnamed-chunk-14-1.pdf Graphic f
ile (type pdf)
<use modelos_estadisticos_files/figure-beamer/unnamed-chunk-14-1.pdf>
Package pdftex.def Info: modelos_estadisticos_files/figure-beamer/unnamed-chunk
-14-1.pdf  used on input line 16.
(pdftex.def)             Requested size: 276.56357pt x 190.03868pt.
)
Overfull \vbox (6.42458pt too high) detected at line 455
 []

[26

 <./modelos_estadisticos_files/figure-beamer/unnamed-chunk-14-1.pdf>]
\openout4 = `modelos_estadisticos.vrb'.

(./modelos_estadisticos.vrb
<modelos_estadisticos_files/figure-beamer/unnamed-chunk-15-1.pdf, id=198, 712.6
625pt x 493.845pt>
File: modelos_estadisticos_files/figure-beamer/unnamed-chunk-15-1.pdf Graphic f
ile (type pdf)
<use modelos_estadisticos_files/figure-beamer/unnamed-chunk-15-1.pdf>
Package pdftex.def Info: modelos_estadisticos_files/figure-beamer/unnamed-chunk
-15-1.pdf  used on input line 18.
(pdftex.def)             Requested size: 245.82533pt x 170.34656pt.
)
Overfull \vbox (6.53238pt too high) detected at line 477
 []

[27

 <./modelos_estadisticos_files/figure-beamer/unnamed-chunk-15-1.pdf>]
\openout4 = `modelos_estadisticos.vrb'.

(./modelos_estadisticos.vrb
<modelos_estadisticos_files/figure-beamer/unnamed-chunk-16-1.pdf, id=212, 671.5
0874pt x 466.74374pt>
File: modelos_estadisticos_files/figure-beamer/unnamed-chunk-16-1.pdf Graphic f
ile (type pdf)
<use modelos_estadisticos_files/figure-beamer/unnamed-chunk-16-1.pdf>
Package pdftex.def Info: modelos_estadisticos_files/figure-beamer/unnamed-chunk
-16-1.pdf  used on input line 13.
(pdftex.def)             Requested size: 245.83127pt x 170.86926pt.
) [28

 <./modelos_estadisticos_files/figure-beamer/unnamed-chunk-16-1.pdf>]
\openout4 = `modelos_estadisticos.vrb'.

(./modelos_estadisticos.vrb
<modelos_estadisticos_files/figure-beamer/unnamed-chunk-17-1.pdf, id=227, 671.5
0874pt x 465.74pt>
File: modelos_estadisticos_files/figure-beamer/unnamed-chunk-17-1.pdf Graphic f
ile (type pdf)
<use modelos_estadisticos_files/figure-beamer/unnamed-chunk-17-1.pdf>
Package pdftex.def Info: modelos_estadisticos_files/figure-beamer/unnamed-chunk
-17-1.pdf  used on input line 13.
(pdftex.def)             Requested size: 245.83127pt x 170.5018pt.
) [29

 <./modelos_estadisticos_files/figure-beamer/unnamed-chunk-17-1.pdf>]
\openout4 = `modelos_estadisticos.vrb'.

(./modelos_estadisticos.vrb) [30

]
\openout4 = `modelos_estadisticos.vrb'.

(./modelos_estadisticos.vrb) [31

]
\openout4 = `modelos_estadisticos.vrb'.

(./modelos_estadisticos.vrb
LaTeX Font Info:    Trying to load font information for TS1+lmtt on input line 
30.
(/usr/share/texmf/tex/latex/lm/ts1lmtt.fd
File: ts1lmtt.fd 2009/10/30 v1.6 Font defs for Latin Modern
))
Overfull \vbox (32.43475pt too high) detected at line 593
 []

[32

]
\openout4 = `modelos_estadisticos.vrb'.

(./modelos_estadisticos.vrb
<modelos_estadisticos_files/figure-beamer/unnamed-chunk-21-1.pdf, id=262, 692.5
875pt x 463.7325pt>
File: modelos_estadisticos_files/figure-beamer/unnamed-chunk-21-1.pdf Graphic f
ile (type pdf)
<use modelos_estadisticos_files/figure-beamer/unnamed-chunk-21-1.pdf>
Package pdftex.def Info: modelos_estadisticos_files/figure-beamer/unnamed-chunk
-21-1.pdf  used on input line 15.
(pdftex.def)             Requested size: 215.10149pt x 144.02446pt.
) [33

 <./modelos_estadisticos_files/figure-beamer/unnamed-chunk-21-1.pdf>]
\openout4 = `modelos_estadisticos.vrb'.

(./modelos_estadisticos.vrb
<modelos_estadisticos_files/figure-beamer/unnamed-chunk-23-1.pdf, id=277, 689.5
7625pt x 462.72874pt>
File: modelos_estadisticos_files/figure-beamer/unnamed-chunk-23-1.pdf Graphic f
ile (type pdf)
<use modelos_estadisticos_files/figure-beamer/unnamed-chunk-23-1.pdf>
Package pdftex.def Info: modelos_estadisticos_files/figure-beamer/unnamed-chunk
-23-1.pdf  used on input line 15.
(pdftex.def)             Requested size: 276.56215pt x 185.58246pt.
) [34

 <./modelos_estadisticos_files/figure-beamer/unnamed-chunk-23-1.pdf>]
\openout4 = `modelos_estadisticos.vrb'.

(./modelos_estadisticos.vrb
<modelos_estadisticos_files/figure-beamer/unnamed-chunk-25-1.pdf, id=291, 693.5
9125pt x 462.72874pt>
File: modelos_estadisticos_files/figure-beamer/unnamed-chunk-25-1.pdf Graphic f
ile (type pdf)
<use modelos_estadisticos_files/figure-beamer/unnamed-chunk-25-1.pdf>
Package pdftex.def Info: modelos_estadisticos_files/figure-beamer/unnamed-chunk
-25-1.pdf  used on input line 15.
(pdftex.def)             Requested size: 276.56375pt x 184.50925pt.
) [35

 <./modelos_estadisticos_files/figure-beamer/unnamed-chunk-25-1.pdf>]
\openout4 = `modelos_estadisticos.vrb'.

(./modelos_estadisticos.vrb
<modelos_estadisticos_files/figure-beamer/unnamed-chunk-27-1.pdf, id=306, 693.5
9125pt x 462.72874pt>
File: modelos_estadisticos_files/figure-beamer/unnamed-chunk-27-1.pdf Graphic f
ile (type pdf)
<use modelos_estadisticos_files/figure-beamer/unnamed-chunk-27-1.pdf>
Package pdftex.def Info: modelos_estadisticos_files/figure-beamer/unnamed-chunk
-27-1.pdf  used on input line 15.
(pdftex.def)             Requested size: 276.56375pt x 184.50925pt.
) [36

 <./modelos_estadisticos_files/figure-beamer/unnamed-chunk-27-1.pdf>]
\openout4 = `modelos_estadisticos.vrb'.

(./modelos_estadisticos.vrb
<modelos_estadisticos_files/figure-beamer/unnamed-chunk-29-1.pdf, id=320, 693.5
9125pt x 462.72874pt>
File: modelos_estadisticos_files/figure-beamer/unnamed-chunk-29-1.pdf Graphic f
ile (type pdf)
<use modelos_estadisticos_files/figure-beamer/unnamed-chunk-29-1.pdf>
Package pdftex.def Info: modelos_estadisticos_files/figure-beamer/unnamed-chunk
-29-1.pdf  used on input line 15.
(pdftex.def)             Requested size: 276.56375pt x 184.50925pt.
) [37

 <./modelos_estadisticos_files/figure-beamer/unnamed-chunk-29-1.pdf>]
\openout4 = `modelos_estadisticos.vrb'.

(./modelos_estadisticos.vrb)
Overfull \vbox (66.0346pt too high) detected at line 725
 []

[38

]
\openout4 = `modelos_estadisticos.vrb'.

(./modelos_estadisticos.vrb) [39

] [40

]
\openout4 = `modelos_estadisticos.vrb'.

(./modelos_estadisticos.vrb) [41

]
</home/david/Work/docencia/CEA_Reproducibilidad/data/figuras/pvalue_significanc
e.png, id=359, 588.1975pt x 394.47375pt>
File: /home/david/Work/docencia/CEA_Reproducibilidad/data/figuras/pvalue_signif
icance.png Graphic file (type png)
<use /home/david/Work/docencia/CEA_Reproducibilidad/data/figuras/pvalue_signifi
cance.png>
Package pdftex.def Info: /home/david/Work/docencia/CEA_Reproducibilidad/data/fi
guras/pvalue_significance.png  used on input line 821.
(pdftex.def)             Requested size: 184.3767pt x 123.65195pt.

Overfull \vbox (9.78754pt too high) detected at line 821
 []

[42

 </home/david/Work/docencia/CEA_Reproducibilidad/data/figuras/pvalue_significan
ce.png>] [43

] [44

]
\openout4 = `modelos_estadisticos.vrb'.

(./modelos_estadisticos.vrb) [45

]
\openout4 = `modelos_estadisticos.vrb'.

(./modelos_estadisticos.vrb
<modelos_estadisticos_files/figure-beamer/unnamed-chunk-36-1.pdf, id=388, 689.5
7625pt x 429.605pt>
File: modelos_estadisticos_files/figure-beamer/unnamed-chunk-36-1.pdf Graphic f
ile (type pdf)
<use modelos_estadisticos_files/figure-beamer/unnamed-chunk-36-1.pdf>
Package pdftex.def Info: modelos_estadisticos_files/figure-beamer/unnamed-chunk
-36-1.pdf  used on input line 14.
(pdftex.def)             Requested size: 307.2866pt x 191.4391pt.
)
Overfull \vbox (27.62492pt too high) detected at line 889
 []

[46

 <./modelos_estadisticos_files/figure-beamer/unnamed-chunk-36-1.pdf>]
\openout4 = `modelos_estadisticos.vrb'.

(./modelos_estadisticos.vrb
<modelos_estadisticos_files/figure-beamer/unnamed-chunk-37-1.pdf, id=402, 712.6
625pt x 493.845pt>
File: modelos_estadisticos_files/figure-beamer/unnamed-chunk-37-1.pdf Graphic f
ile (type pdf)
<use modelos_estadisticos_files/figure-beamer/unnamed-chunk-37-1.pdf>
Package pdftex.def Info: modelos_estadisticos_files/figure-beamer/unnamed-chunk
-37-1.pdf  used on input line 15.
(pdftex.def)             Requested size: 245.82533pt x 170.34656pt.
)
Overfull \vbox (19.18231pt too high) detected at line 908
 []

[47

 <./modelos_estadisticos_files/figure-beamer/unnamed-chunk-37-1.pdf>]
\openout4 = `modelos_estadisticos.vrb'.

(./modelos_estadisticos.vrb
LaTeX Font Info:    Font shape `T1/lmtt/bx/n' in size <9> not available
(Font)              Font shape `T1/lmtt/b/n' tried instead on input line 13.
)
Overfull \vbox (11.53493pt too high) detected at line 942
 []

[48

]
\openout4 = `modelos_estadisticos.vrb'.

(./modelos_estadisticos.vrb) [49

] [50

]
\openout4 = `modelos_estadisticos.vrb'.

(./modelos_estadisticos.vrb) [51

]
<modelos_estadisticos_files/figure-beamer/unnamed-chunk-42-1.pdf, id=446, 712.6
625pt x 495.8525pt>
File: modelos_estadisticos_files/figure-beamer/unnamed-chunk-42-1.pdf Graphic f
ile (type pdf)
<use modelos_estadisticos_files/figure-beamer/unnamed-chunk-42-1.pdf>
Package pdftex.def Info: modelos_estadisticos_files/figure-beamer/unnamed-chunk
-42-1.pdf  used on input line 1049.
(pdftex.def)             Requested size: 245.82533pt x 171.03903pt.
[52

 <./modelos_estadisticos_files/figure-beamer/unnamed-chunk-42-1.pdf>]
</home/david/Work/docencia/CEA_Reproducibilidad/data/figuras/extrapolating.png,
 id=463, 490.83376pt x 310.15875pt>
File: /home/david/Work/docencia/CEA_Reproducibilidad/data/figuras/extrapolating
.png Graphic file (type png)
<use /home/david/Work/docencia/CEA_Reproducibilidad/data/figuras/extrapolating.
png>
Package pdftex.def Info: /home/david/Work/docencia/CEA_Reproducibilidad/data/fi
guras/extrapolating.png  used on input line 1061.
(pdftex.def)             Requested size: 245.82819pt x 155.33928pt.
[53

 </home/david/Work/docencia/CEA_Reproducibilidad/data/figuras/extrapolating.png
>] [54

]
\openout4 = `modelos_estadisticos.vrb'.

(./modelos_estadisticos.vrb) [55

]
\openout4 = `modelos_estadisticos.vrb'.

(./modelos_estadisticos.vrb
<modelos_estadisticos_files/figure-beamer/unnamed-chunk-45-1.pdf, id=483, 665.4
8625pt x 465.74pt>
File: modelos_estadisticos_files/figure-beamer/unnamed-chunk-45-1.pdf Graphic f
ile (type pdf)
<use modelos_estadisticos_files/figure-beamer/unnamed-chunk-45-1.pdf>
Package pdftex.def Info: modelos_estadisticos_files/figure-beamer/unnamed-chunk
-45-1.pdf  used on input line 13.
(pdftex.def)             Requested size: 245.83003pt x 172.04395pt.
) [56

 <./modelos_estadisticos_files/figure-beamer/unnamed-chunk-45-1.pdf>]
\openout4 = `modelos_estadisticos.vrb'.

(./modelos_estadisticos.vrb
<modelos_estadisticos_files/figure-beamer/unnamed-chunk-46-1.pdf, id=498, 710.6
55pt x 493.845pt>
File: modelos_estadisticos_files/figure-beamer/unnamed-chunk-46-1.pdf Graphic f
ile (type pdf)
<use modelos_estadisticos_files/figure-beamer/unnamed-chunk-46-1.pdf>
Package pdftex.def Info: modelos_estadisticos_files/figure-beamer/unnamed-chunk
-46-1.pdf  used on input line 15.
(pdftex.def)             Requested size: 245.82686pt x 170.82883pt.
)
Overfull \vbox (19.66458pt too high) detected at line 1138
 []

[57

 <./modelos_estadisticos_files/figure-beamer/unnamed-chunk-46-1.pdf>]
\openout4 = `modelos_estadisticos.vrb'.

(./modelos_estadisticos.vrb
<modelos_estadisticos_files/figure-beamer/unnamed-chunk-47-1.pdf, id=515, 671.5
0874pt x 465.74pt>
File: modelos_estadisticos_files/figure-beamer/unnamed-chunk-47-1.pdf Graphic f
ile (type pdf)
<use modelos_estadisticos_files/figure-beamer/unnamed-chunk-47-1.pdf>
Package pdftex.def Info: modelos_estadisticos_files/figure-beamer/unnamed-chunk
-47-1.pdf  used on input line 12.
(pdftex.def)             Requested size: 245.83127pt x 170.5018pt.
) [58

 <./modelos_estadisticos_files/figure-beamer/unnamed-chunk-47-1.pdf>] [59

]pdfTeX warning (ext4): destination with the same identifier (name{regresiuxf3n
-estaduxedstica-48}) has been already used, duplicate ignored
<to be read again> 
                   \relax 
l.1175 \end{frame}
                   [60

]pdfTeX warning (ext4): destination with the same identifier (name{regresiuxf3n
-estaduxedstica-48}) has been already used, duplicate ignored
<to be read again> 
                   \relax 
l.1175 \end{frame}
                   [61

]pdfTeX warning (ext4): destination with the same identifier (name{regresiuxf3n
-estaduxedstica-48}) has been already used, duplicate ignored
<to be read again> 
                   \relax 
l.1175 \end{frame}
                   [62

]pdfTeX warning (ext4): destination with the same identifier (name{regresiuxf3n
-estaduxedstica-48}) has been already used, duplicate ignored
<to be read again> 
                   \relax 
l.1175 \end{frame}
                   [63

]pdfTeX warning (ext4): destination with the same identifier (name{regresiuxf3n
-estaduxedstica-48}) has been already used, duplicate ignored
<to be read again> 
                   \relax 
l.1175 \end{frame}
                   [64

] [65

]pdfTeX warning (ext4): destination with the same identifier (name{regresiuxf3n
-estaduxedstica-49}) has been already used, duplicate ignored
<to be read again> 
                   \relax 
l.1191 \end{frame}
                   [66

]pdfTeX warning (ext4): destination with the same identifier (name{regresiuxf3n
-estaduxedstica-49}) has been already used, duplicate ignored
<to be read again> 
                   \relax 
l.1191 \end{frame}
                   [67

]
File: /home/david/Work/docencia/CEA_Reproducibilidad/data/figuras/model_types.p
ng Graphic file (type png)
<use /home/david/Work/docencia/CEA_Reproducibilidad/data/figuras/model_types.pn
g>
Package pdftex.def Info: /home/david/Work/docencia/CEA_Reproducibilidad/data/fi
guras/model_types.png  used on input line 1200.
(pdftex.def)             Requested size: 304.20172pt x 153.4854pt.
[68

]
\openout4 = `modelos_estadisticos.vrb'.

(./modelos_estadisticos.vrb) [69

]
\openout4 = `modelos_estadisticos.vrb'.

(./modelos_estadisticos.vrb
<modelos_estadisticos_files/figure-beamer/unnamed-chunk-50-1.pdf, id=592, 712.6
625pt x 493.845pt>
File: modelos_estadisticos_files/figure-beamer/unnamed-chunk-50-1.pdf Graphic f
ile (type pdf)
<use modelos_estadisticos_files/figure-beamer/unnamed-chunk-50-1.pdf>
Package pdftex.def Info: modelos_estadisticos_files/figure-beamer/unnamed-chunk
-50-1.pdf  used on input line 25.
(pdftex.def)             Requested size: 153.64354pt x 106.46848pt.
) [70

 <./modelos_estadisticos_files/figure-beamer/unnamed-chunk-50-1.pdf>]
\openout4 = `modelos_estadisticos.vrb'.

(./modelos_estadisticos.vrb) [71

]
\openout4 = `modelos_estadisticos.vrb'.

(./modelos_estadisticos.vrb)
Overfull \vbox (32.43475pt too high) detected at line 1325
 []

[72

]
<modelos_estadisticos_files/figure-beamer/unnamed-chunk-53-1.pdf, id=621, 689.5
7625pt x 462.72874pt>
File: modelos_estadisticos_files/figure-beamer/unnamed-chunk-53-1.pdf Graphic f
ile (type pdf)
<use modelos_estadisticos_files/figure-beamer/unnamed-chunk-53-1.pdf>
Package pdftex.def Info: modelos_estadisticos_files/figure-beamer/unnamed-chunk
-53-1.pdf  used on input line 1346.
(pdftex.def)             Requested size: 215.10272pt x 144.34113pt.
[73

 <./modelos_estadisticos_files/figure-beamer/unnamed-chunk-53-1.pdf>]
<modelos_estadisticos_files/figure-beamer/unnamed-chunk-54-1.pdf, id=636, 693.5
9125pt x 462.72874pt>
File: modelos_estadisticos_files/figure-beamer/unnamed-chunk-54-1.pdf Graphic f
ile (type pdf)
<use modelos_estadisticos_files/figure-beamer/unnamed-chunk-54-1.pdf>
Package pdftex.def Info: modelos_estadisticos_files/figure-beamer/unnamed-chunk
-54-1.pdf  used on input line 1367.
(pdftex.def)             Requested size: 215.09573pt x 143.50092pt.
[74

 <./modelos_estadisticos_files/figure-beamer/unnamed-chunk-54-1.pdf>]
<modelos_estadisticos_files/figure-beamer/unnamed-chunk-55-1.pdf, id=650, 665.4
8625pt x 465.74pt>
File: modelos_estadisticos_files/figure-beamer/unnamed-chunk-55-1.pdf Graphic f
ile (type pdf)
<use modelos_estadisticos_files/figure-beamer/unnamed-chunk-55-1.pdf>
Package pdftex.def Info: modelos_estadisticos_files/figure-beamer/unnamed-chunk
-55-1.pdf  used on input line 1388.
(pdftex.def)             Requested size: 215.09239pt x 150.53223pt.
[75

 <./modelos_estadisticos_files/figure-beamer/unnamed-chunk-55-1.pdf>]
\openout4 = `modelos_estadisticos.vrb'.

(./modelos_estadisticos.vrb
<modelos_estadisticos_files/figure-beamer/unnamed-chunk-56-1.pdf, id=665, 689.5
7625pt x 429.605pt>
File: modelos_estadisticos_files/figure-beamer/unnamed-chunk-56-1.pdf Graphic f
ile (type pdf)
<use modelos_estadisticos_files/figure-beamer/unnamed-chunk-56-1.pdf>
Package pdftex.def Info: modelos_estadisticos_files/figure-beamer/unnamed-chunk
-56-1.pdf  used on input line 23.
(pdftex.def)             Requested size: 245.82718pt x 153.14996pt.
)
Overfull \vbox (9.13571pt too high) detected at line 1415
 []

[76

 <./modelos_estadisticos_files/figure-beamer/unnamed-chunk-56-1.pdf>]
\openout4 = `modelos_estadisticos.vrb'.

(./modelos_estadisticos.vrb) [77

]
\openout4 = `modelos_estadisticos.vrb'.

(./modelos_estadisticos.vrb) [78

]
\openout4 = `modelos_estadisticos.vrb'.

(./modelos_estadisticos.vrb
<modelos_estadisticos_files/figure-beamer/unnamed-chunk-60-1.pdf, id=691, 712.6
625pt x 493.845pt>
File: modelos_estadisticos_files/figure-beamer/unnamed-chunk-60-1.pdf Graphic f
ile (type pdf)
<use modelos_estadisticos_files/figure-beamer/unnamed-chunk-60-1.pdf>
Package pdftex.def Info: modelos_estadisticos_files/figure-beamer/unnamed-chunk
-60-1.pdf  used on input line 25.
(pdftex.def)             Requested size: 153.64354pt x 106.46848pt.
)
Overfull \vbox (9.49844pt too high) detected at line 1525
 []

[79

 <./modelos_estadisticos_files/figure-beamer/unnamed-chunk-60-1.pdf>]
\openout4 = `modelos_estadisticos.vrb'.

(./modelos_estadisticos.vrb
Overfull \hbox (32.90947pt too wide) in paragraph at lines 18--18
[]\T1/lmtt/m/n/9 ##  $ height: num  36.1 42.3 41.9 46.5 43.9 26.2 29.8 35.6 42.
1 36.5 ...[] 
 []

) [80

]
\openout4 = `modelos_estadisticos.vrb'.

(./modelos_estadisticos.vrb
Overfull \hbox (32.90947pt too wide) in paragraph at lines 18--18
[]\T1/lmtt/m/n/9 ##  $ height: num  36.1 42.3 41.9 46.5 43.9 26.2 29.8 35.6 42.
1 36.5 ...[] 
 []

) [81

]
\openout4 = `modelos_estadisticos.vrb'.

(./modelos_estadisticos.vrb
<modelos_estadisticos_files/figure-beamer/unnamed-chunk-64-1.pdf, id=722, 712.6
625pt x 493.845pt>
File: modelos_estadisticos_files/figure-beamer/unnamed-chunk-64-1.pdf Graphic f
ile (type pdf)
<use modelos_estadisticos_files/figure-beamer/unnamed-chunk-64-1.pdf>
Package pdftex.def Info: modelos_estadisticos_files/figure-beamer/unnamed-chunk
-64-1.pdf  used on input line 13.
(pdftex.def)             Requested size: 153.64354pt x 106.46848pt.
) [82

 <./modelos_estadisticos_files/figure-beamer/unnamed-chunk-64-1.pdf>]
\openout4 = `modelos_estadisticos.vrb'.

(./modelos_estadisticos.vrb) [83

]
\openout4 = `modelos_estadisticos.vrb'.

(./modelos_estadisticos.vrb) [84

]
<modelos_estadisticos_files/figure-beamer/unnamed-chunk-67-1.pdf, id=753, 689.5
7625pt x 462.72874pt>
File: modelos_estadisticos_files/figure-beamer/unnamed-chunk-67-1.pdf Graphic f
ile (type pdf)
<use modelos_estadisticos_files/figure-beamer/unnamed-chunk-67-1.pdf>
Package pdftex.def Info: modelos_estadisticos_files/figure-beamer/unnamed-chunk
-67-1.pdf  used on input line 1703.
(pdftex.def)             Requested size: 215.10272pt x 144.34113pt.
[85

 <./modelos_estadisticos_files/figure-beamer/unnamed-chunk-67-1.pdf>]
<modelos_estadisticos_files/figure-beamer/unnamed-chunk-68-1.pdf, id=768, 693.5
9125pt x 462.72874pt>
File: modelos_estadisticos_files/figure-beamer/unnamed-chunk-68-1.pdf Graphic f
ile (type pdf)
<use modelos_estadisticos_files/figure-beamer/unnamed-chunk-68-1.pdf>
Package pdftex.def Info: modelos_estadisticos_files/figure-beamer/unnamed-chunk
-68-1.pdf  used on input line 1724.
(pdftex.def)             Requested size: 215.09573pt x 143.50092pt.
[86

 <./modelos_estadisticos_files/figure-beamer/unnamed-chunk-68-1.pdf>]
<modelos_estadisticos_files/figure-beamer/unnamed-chunk-69-1.pdf, id=782, 671.5
0874pt x 465.74pt>
File: modelos_estadisticos_files/figure-beamer/unnamed-chunk-69-1.pdf Graphic f
ile (type pdf)
<use modelos_estadisticos_files/figure-beamer/unnamed-chunk-69-1.pdf>
Package pdftex.def Info: modelos_estadisticos_files/figure-beamer/unnamed-chunk
-69-1.pdf  used on input line 1745.
(pdftex.def)             Requested size: 215.10236pt x 149.18907pt.
[87

 <./modelos_estadisticos_files/figure-beamer/unnamed-chunk-69-1.pdf>]
\openout4 = `modelos_estadisticos.vrb'.

(./modelos_estadisticos.vrb
<modelos_estadisticos_files/figure-beamer/unnamed-chunk-70-1.pdf, id=797, 689.5
7625pt x 429.605pt>
File: modelos_estadisticos_files/figure-beamer/unnamed-chunk-70-1.pdf Graphic f
ile (type pdf)
<use modelos_estadisticos_files/figure-beamer/unnamed-chunk-70-1.pdf>
Package pdftex.def Info: modelos_estadisticos_files/figure-beamer/unnamed-chunk
-70-1.pdf  used on input line 23.
(pdftex.def)             Requested size: 245.82718pt x 153.14996pt.
)
Overfull \vbox (9.13571pt too high) detected at line 1772
 []

[88

 <./modelos_estadisticos_files/figure-beamer/unnamed-chunk-70-1.pdf>]
\openout4 = `modelos_estadisticos.vrb'.

(./modelos_estadisticos.vrb
Overfull \hbox (7.20813pt too wide) in paragraph at lines 33--33
[]\T1/lmtt/m/n/8 ##        1        2        3        4        5        6      
  7        8[] 
 []


Overfull \hbox (7.19814pt too wide) in paragraph at lines 33--33
[]\T1/lmtt/m/n/8 ## 33.84158 40.18265 38.84066 34.37444 38.21386 38.60167 33.10
000 33.15833[] 
 []

) [89

]
\openout4 = `modelos_estadisticos.vrb'.

(./modelos_estadisticos.vrb
<modelos_estadisticos_files/figure-beamer/unnamed-chunk-72-1.pdf, id=817, 689.5
7625pt x 483.8075pt>
File: modelos_estadisticos_files/figure-beamer/unnamed-chunk-72-1.pdf Graphic f
ile (type pdf)
<use modelos_estadisticos_files/figure-beamer/unnamed-chunk-72-1.pdf>
Package pdftex.def Info: modelos_estadisticos_files/figure-beamer/unnamed-chunk
-72-1.pdf  used on input line 24.
(pdftex.def)             Requested size: 215.10272pt x 150.91632pt.
)
Overfull \vbox (19.552pt too high) detected at line 1837
 []

[90

 <./modelos_estadisticos_files/figure-beamer/unnamed-chunk-72-1.pdf>]
\openout4 = `modelos_estadisticos.vrb'.

(./modelos_estadisticos.vrb)
Overfull \vbox (11.62938pt too high) detected at line 1890
 []

[91

] [92

]
\openout4 = `modelos_estadisticos.vrb'.

(./modelos_estadisticos.vrb) [93

]
\openout4 = `modelos_estadisticos.vrb'.

(./modelos_estadisticos.vrb) [94

]
\openout4 = `modelos_estadisticos.vrb'.

(./modelos_estadisticos.vrb
<modelos_estadisticos_files/figure-beamer/unnamed-chunk-77-1.pdf, id=858, 689.5
7625pt x 483.8075pt>
File: modelos_estadisticos_files/figure-beamer/unnamed-chunk-77-1.pdf Graphic f
ile (type pdf)
<use modelos_estadisticos_files/figure-beamer/unnamed-chunk-77-1.pdf>
Package pdftex.def Info: modelos_estadisticos_files/figure-beamer/unnamed-chunk
-77-1.pdf  used on input line 11.
(pdftex.def)             Requested size: 245.82718pt x 172.47264pt.
) [95

 <./modelos_estadisticos_files/figure-beamer/unnamed-chunk-77-1.pdf>]
</home/david/Work/docencia/CEA_Reproducibilidad/data/figuras/trees_site_interce
pt.png, id=875, 960.58875pt x 588.1975pt>
File: /home/david/Work/docencia/CEA_Reproducibilidad/data/figuras/trees_site_in
tercept.png Graphic file (type png)
<use /home/david/Work/docencia/CEA_Reproducibilidad/data/figuras/trees_site_int
ercept.png>
Package pdftex.def Info: /home/david/Work/docencia/CEA_Reproducibilidad/data/fi
guras/trees_site_intercept.png  used on input line 2015.
(pdftex.def)             Requested size: 276.55554pt x 169.3433pt.
[96

 </home/david/Work/docencia/CEA_Reproducibilidad/data/figuras/trees_site_interc
ept.png>]
\openout4 = `modelos_estadisticos.vrb'.

(./modelos_estadisticos.vrb) [97

]
<modelos_estadisticos_files/figure-beamer/unnamed-chunk-80-1.pdf, id=889, 710.6
55pt x 493.845pt>
File: modelos_estadisticos_files/figure-beamer/unnamed-chunk-80-1.pdf Graphic f
ile (type pdf)
<use modelos_estadisticos_files/figure-beamer/unnamed-chunk-80-1.pdf>
Package pdftex.def Info: modelos_estadisticos_files/figure-beamer/unnamed-chunk
-80-1.pdf  used on input line 2049.
(pdftex.def)             Requested size: 304.22023pt x 211.40727pt.
[98

 <./modelos_estadisticos_files/figure-beamer/unnamed-chunk-80-1.pdf>] [99

]
\openout4 = `modelos_estadisticos.vrb'.

(./modelos_estadisticos.vrb) [100

]
\openout4 = `modelos_estadisticos.vrb'.

(./modelos_estadisticos.vrb)
Overfull \vbox (42.78046pt too high) detected at line 2145
 []

[101

]
Overfull \vbox (7.66493pt too high) detected at line 2170
 []

[102

]
\openout4 = `modelos_estadisticos.vrb'.

(./modelos_estadisticos.vrb
<modelos_estadisticos_files/figure-beamer/unnamed-chunk-83-1.pdf, id=928, 693.5
9125pt x 465.74pt>
File: modelos_estadisticos_files/figure-beamer/unnamed-chunk-83-1.pdf Graphic f
ile (type pdf)
<use modelos_estadisticos_files/figure-beamer/unnamed-chunk-83-1.pdf>
Package pdftex.def Info: modelos_estadisticos_files/figure-beamer/unnamed-chunk
-83-1.pdf  used on input line 11.
(pdftex.def)             Requested size: 276.56375pt x 185.70995pt.
) [103

 <./modelos_estadisticos_files/figure-beamer/unnamed-chunk-83-1.pdf>] [104

]pdfTeX warning (ext4): destination with the same identifier (name{regresiuxf3n
-estaduxedstica-86}) has been already used, duplicate ignored
<to be read again> 
                   \relax 
l.2208 \end{frame}
                   [105

]pdfTeX warning (ext4): destination with the same identifier (name{regresiuxf3n
-estaduxedstica-86}) has been already used, duplicate ignored
<to be read again> 
                   \relax 
l.2208 \end{frame}
                   [106

] [107

]pdfTeX warning (ext4): destination with the same identifier (name{regresiuxf3n
-estaduxedstica-87}) has been already used, duplicate ignored
<to be read again> 
                   \relax 
l.2224 \end{frame}
                   [108

]pdfTeX warning (ext4): destination with the same identifier (name{regresiuxf3n
-estaduxedstica-87}) has been already used, duplicate ignored
<to be read again> 
                   \relax 
l.2224 \end{frame}
                   [109

] [110

]pdfTeX warning (ext4): destination with the same identifier (name{regresiuxf3n
-estaduxedstica-88}) has been already used, duplicate ignored
<to be read again> 
                   \relax 
l.2245 \end{frame}
                   [111

]pdfTeX warning (ext4): destination with the same identifier (name{regresiuxf3n
-estaduxedstica-88}) has been already used, duplicate ignored
<to be read again> 
                   \relax 
l.2245 \end{frame}
                   [112

]pdfTeX warning (ext4): destination with the same identifier (name{regresiuxf3n
-estaduxedstica-88}) has been already used, duplicate ignored
<to be read again> 
                   \relax 
l.2245 \end{frame}
                   [113

]pdfTeX warning (ext4): destination with the same identifier (name{regresiuxf3n
-estaduxedstica-88}) has been already used, duplicate ignored
<to be read again> 
                   \relax 
l.2245 \end{frame}
                   [114

]pdfTeX warning (ext4): destination with the same identifier (name{regresiuxf3n
-estaduxedstica-88}) has been already used, duplicate ignored
<to be read again> 
                   \relax 
l.2245 \end{frame}
                   [115

]
\openout4 = `modelos_estadisticos.vrb'.

(./modelos_estadisticos.vrb) [116

] [117

]
\tf@nav=\write6
\openout6 = `modelos_estadisticos.nav'.

\tf@toc=\write7
\openout7 = `modelos_estadisticos.toc'.

\tf@snm=\write8
\openout8 = `modelos_estadisticos.snm'.


Package caption Warning: Unused \captionsetup[figure] on input line 147.
See the caption package documentation for explanation.

Package atveryend Info: Empty hook `BeforeClearDocument' on input line 2283.
Package atveryend Info: Empty hook `AfterLastShipout' on input line 2283.
(./modelos_estadisticos.aux)
Package atveryend Info: Executing hook `AtVeryEndDocument' on input line 2283.
Package atveryend Info: Empty hook `AtEndAfterFileList' on input line 2283.
 ) 
Here is how much of TeX's memory you used:
 29348 strings out of 483080
 566497 string characters out of 5963338
 796178 words of memory out of 5000000
 43236 multiletter control sequences out of 15000+600000
 588631 words of font info for 87 fonts, out of 8000000 for 9000
 62 hyphenation exceptions out of 8191
 71i,13n,95p,1821b,574s stack positions out of 5000i,500n,10000p,200000b,80000s
{/usr/share/texmf/fonts/enc/dvips/lm/lm-ec.enc}{/usr/share/texmf/fonts/enc/dv
ips/lm/lm-mathit.enc}{/usr/share/texmf/fonts/enc/dvips/lm/lm-ts1.enc}{/usr/shar
e/texmf/fonts/enc/dvips/lm/lm-mathsy.enc}{/usr/share/texmf/fonts/enc/dvips/lm/l
m-mathex.enc}{/usr/share/texmf/fonts/enc/dvips/lm/lm-rm.enc}</usr/share/texmf/f
onts/type1/public/lm/lmex10.pfb></usr/share/texmf/fonts/type1/public/lm/lmmi10.
pfb></usr/share/texmf/fonts/type1/public/lm/lmmi7.pfb></usr/share/texmf/fonts/t
ype1/public/lm/lmss10.pfb></usr/share/texmf/fonts/type1/public/lm/lmss12.pfb></
usr/share/texmf/fonts/type1/public/lm/lmss8.pfb></usr/share/texmf/fonts/type1/p
ublic/lm/lmss9.pfb></usr/share/texmf/fonts/type1/public/lm/lmssbx10.pfb></usr/s
hare/texmf/fonts/type1/public/lm/lmsso10.pfb></usr/share/texmf/fonts/type1/publ
ic/lm/lmsso8.pfb></usr/share/texmf/fonts/type1/public/lm/lmsy10.pfb></usr/share
/texmf/fonts/type1/public/lm/lmtk10.pfb></usr/share/texmf/fonts/type1/public/lm
/lmtt10.pfb></usr/share/texmf/fonts/type1/public/lm/lmtt8.pfb></usr/share/texmf
/fonts/type1/public/lm/lmtt9.pfb>
Output written on modelos_estadisticos.pdf (117 pages, 2549212 bytes).
PDF statistics:
 1164 PDF objects out of 1200 (max. 8388607)
 912 compressed objects within 10 object streams
 326 named destinations out of 1000 (max. 500000)
 12536 words of extra memory for PDF output out of 14400 (max. 10000000)

